20/10/05 15:35:44 WARN NativeCodeLoader: Unable to load native-hadoop library for your platform... using builtin-java classes where applicable
20/10/05 15:35:51 INFO SparkContext: Running Spark version 2.3.3
20/10/05 15:35:51 WARN SparkConf: In Spark 1.0 and later spark.local.dir will be overridden by the value set by the cluster manager (via SPARK_LOCAL_DIRS in mesos/standalone and LOCAL_DIRS in YARN).
20/10/05 15:35:51 INFO SparkContext: Submitted application: sparklyr
20/10/05 15:35:51 INFO SecurityManager: Changing view acls to: luigi
20/10/05 15:35:51 INFO SecurityManager: Changing modify acls to: luigi
20/10/05 15:35:51 INFO SecurityManager: Changing view acls groups to: 
20/10/05 15:35:51 INFO SecurityManager: Changing modify acls groups to: 
20/10/05 15:35:52 INFO SecurityManager: SecurityManager: authentication disabled; ui acls disabled; users  with view permissions: Set(luigi); groups with view permissions: Set(); users  with modify permissions: Set(luigi); groups with modify permissions: Set()
20/10/05 15:35:52 INFO Utils: Successfully started service 'sparkDriver' on port 55306.
20/10/05 15:35:52 INFO SparkEnv: Registering MapOutputTracker
20/10/05 15:35:52 INFO SparkEnv: Registering BlockManagerMaster
20/10/05 15:35:52 INFO BlockManagerMasterEndpoint: Using org.apache.spark.storage.DefaultTopologyMapper for getting topology information
20/10/05 15:35:52 INFO BlockManagerMasterEndpoint: BlockManagerMasterEndpoint up
20/10/05 15:35:52 INFO DiskBlockManager: Created local directory at C:\Users\luigi\AppData\Local\spark\spark-2.3.3-bin-hadoop2.7\tmp\local\blockmgr-5e0f3589-5bf4-4784-a2f5-ade706c2e9e2
20/10/05 15:35:52 INFO MemoryStore: MemoryStore started with capacity 912.3 MB
20/10/05 15:35:52 INFO SparkEnv: Registering OutputCommitCoordinator
20/10/05 15:35:52 WARN Utils: The configured local directories are not expected to be URIs; however, got suspicious values [C:/Users/luigi/AppData/Local/spark/spark-2.3.3-bin-hadoop2.7/tmp/local]. Please check your configured local directories.
20/10/05 15:35:52 INFO Utils: Successfully started service 'SparkUI' on port 4040.
20/10/05 15:35:53 INFO SparkUI: Bound SparkUI to 127.0.0.1, and started at http://127.0.0.1:4040
20/10/05 15:35:53 INFO SparkContext: Added JAR file:/C:/Users/luigi/Documents/R/win-library/4.0/sparklyr/java/sparklyr-2.3-2.11.jar at spark://127.0.0.1:55306/jars/sparklyr-2.3-2.11.jar with timestamp 1601904953664
20/10/05 15:35:53 INFO Executor: Starting executor ID driver on host localhost
20/10/05 15:35:53 INFO Utils: Successfully started service 'org.apache.spark.network.netty.NettyBlockTransferService' on port 55348.
20/10/05 15:35:53 INFO NettyBlockTransferService: Server created on 127.0.0.1:55348
20/10/05 15:35:53 INFO BlockManager: Using org.apache.spark.storage.RandomBlockReplicationPolicy for block replication policy
20/10/05 15:35:53 INFO BlockManagerMaster: Registering BlockManager BlockManagerId(driver, 127.0.0.1, 55348, None)
20/10/05 15:35:53 INFO BlockManagerMasterEndpoint: Registering block manager 127.0.0.1:55348 with 912.3 MB RAM, BlockManagerId(driver, 127.0.0.1, 55348, None)
20/10/05 15:35:53 INFO BlockManagerMaster: Registered BlockManager BlockManagerId(driver, 127.0.0.1, 55348, None)
20/10/05 15:35:53 INFO BlockManager: Initialized BlockManager: BlockManagerId(driver, 127.0.0.1, 55348, None)
20/10/05 15:35:54 INFO SharedState: loading hive config file: file:/C:/Users/luigi/AppData/Local/spark/spark-2.3.3-bin-hadoop2.7/conf/hive-site.xml
20/10/05 15:35:54 INFO SharedState: Setting hive.metastore.warehouse.dir ('C:/Users/luigi/AppData/Local/spark/spark-2.3.3-bin-hadoop2.7/tmp/hive') to the value of spark.sql.warehouse.dir ('C:/Users/luigi/AppData/Local/spark/spark-2.3.3-bin-hadoop2.7/tmp/hive').
20/10/05 15:35:54 INFO SharedState: Warehouse path is 'C:/Users/luigi/AppData/Local/spark/spark-2.3.3-bin-hadoop2.7/tmp/hive'.
20/10/05 15:35:55 INFO StateStoreCoordinatorRef: Registered StateStoreCoordinator endpoint
20/10/05 15:35:58 INFO HiveUtils: Initializing HiveMetastoreConnection version 1.2.1 using Spark classes.
20/10/05 15:35:58 INFO HiveMetaStore: 0: Opening raw store with implemenation class:org.apache.hadoop.hive.metastore.ObjectStore
20/10/05 15:35:58 INFO ObjectStore: ObjectStore, initialize called
20/10/05 15:35:59 INFO Persistence: Property hive.metastore.integral.jdo.pushdown unknown - will be ignored
20/10/05 15:35:59 INFO Persistence: Property datanucleus.cache.level2 unknown - will be ignored
20/10/05 15:36:00 INFO ObjectStore: Setting MetaStore object pin classes with hive.metastore.cache.pinobjtypes="Table,StorageDescriptor,SerDeInfo,Partition,Database,Type,FieldSchema,Order"
20/10/05 15:36:01 INFO Datastore: The class "org.apache.hadoop.hive.metastore.model.MFieldSchema" is tagged as "embedded-only" so does not have its own datastore table.
20/10/05 15:36:01 INFO Datastore: The class "org.apache.hadoop.hive.metastore.model.MOrder" is tagged as "embedded-only" so does not have its own datastore table.
20/10/05 15:36:02 INFO Datastore: The class "org.apache.hadoop.hive.metastore.model.MFieldSchema" is tagged as "embedded-only" so does not have its own datastore table.
20/10/05 15:36:02 INFO Datastore: The class "org.apache.hadoop.hive.metastore.model.MOrder" is tagged as "embedded-only" so does not have its own datastore table.
20/10/05 15:36:02 INFO MetaStoreDirectSql: Using direct SQL, underlying DB is DERBY
20/10/05 15:36:02 INFO ObjectStore: Initialized ObjectStore
20/10/05 15:36:02 WARN ObjectStore: Version information not found in metastore. hive.metastore.schema.verification is not enabled so recording the schema version 1.2.0
20/10/05 15:36:02 WARN ObjectStore: Failed to get database default, returning NoSuchObjectException
20/10/05 15:36:03 INFO HiveMetaStore: Added admin role in metastore
20/10/05 15:36:03 INFO HiveMetaStore: Added public role in metastore
20/10/05 15:36:03 INFO HiveMetaStore: No user is added in admin role, since config is empty
20/10/05 15:36:03 INFO HiveMetaStore: 0: get_all_databases
20/10/05 15:36:03 INFO audit: ugi=luigi	ip=unknown-ip-addr	cmd=get_all_databases	
20/10/05 15:36:03 INFO HiveMetaStore: 0: get_functions: db=default pat=*
20/10/05 15:36:03 INFO audit: ugi=luigi	ip=unknown-ip-addr	cmd=get_functions: db=default pat=*	
20/10/05 15:36:03 INFO Datastore: The class "org.apache.hadoop.hive.metastore.model.MResourceUri" is tagged as "embedded-only" so does not have its own datastore table.
20/10/05 15:36:03 INFO SessionState: Created local directory: C:/Users/luigi/AppData/Local/Temp/3ff42a39-7b09-427f-9ac4-c53785f4948d_resources
20/10/05 15:36:03 INFO SessionState: Created HDFS directory: C:/Users/luigi/AppData/Local/spark/spark-2.3.3-bin-hadoop2.7/tmp/hive/luigi/3ff42a39-7b09-427f-9ac4-c53785f4948d
20/10/05 15:36:03 INFO SessionState: Created local directory: C:/Users/luigi/AppData/Local/spark/spark-2.3.3-bin-hadoop2.7/tmp/hive/3ff42a39-7b09-427f-9ac4-c53785f4948d
20/10/05 15:36:03 INFO SessionState: Created HDFS directory: C:/Users/luigi/AppData/Local/spark/spark-2.3.3-bin-hadoop2.7/tmp/hive/luigi/3ff42a39-7b09-427f-9ac4-c53785f4948d/_tmp_space.db
20/10/05 15:36:03 INFO HiveClientImpl: Warehouse location for Hive client (version 1.2.2) is C:/Users/luigi/AppData/Local/spark/spark-2.3.3-bin-hadoop2.7/tmp/hive
20/10/05 15:36:03 INFO HiveMetaStore: 0: get_database: default
20/10/05 15:36:03 INFO audit: ugi=luigi	ip=unknown-ip-addr	cmd=get_database: default	
20/10/05 15:36:03 INFO HiveMetaStore: 0: get_database: global_temp
20/10/05 15:36:03 INFO audit: ugi=luigi	ip=unknown-ip-addr	cmd=get_database: global_temp	
20/10/05 15:36:03 WARN ObjectStore: Failed to get database global_temp, returning NoSuchObjectException
20/10/05 15:36:04 INFO HiveMetaStore: 0: get_database: default
20/10/05 15:36:04 INFO audit: ugi=luigi	ip=unknown-ip-addr	cmd=get_database: default	
20/10/05 15:36:04 INFO HiveMetaStore: 0: get_database: default
20/10/05 15:36:04 INFO audit: ugi=luigi	ip=unknown-ip-addr	cmd=get_database: default	
20/10/05 15:36:04 INFO HiveMetaStore: 0: get_tables: db=default pat=*
20/10/05 15:36:04 INFO audit: ugi=luigi	ip=unknown-ip-addr	cmd=get_tables: db=default pat=*	
20/10/05 15:36:05 INFO SparkContext: Starting job: collect at utils.scala:44
20/10/05 15:36:05 INFO DAGScheduler: Got job 0 (collect at utils.scala:44) with 1 output partitions
20/10/05 15:36:05 INFO DAGScheduler: Final stage: ResultStage 0 (collect at utils.scala:44)
20/10/05 15:36:05 INFO DAGScheduler: Parents of final stage: List()
20/10/05 15:36:05 INFO DAGScheduler: Missing parents: List()
20/10/05 15:36:05 INFO DAGScheduler: Submitting ResultStage 0 (MapPartitionsRDD[4] at map at utils.scala:41), which has no missing parents
20/10/05 15:36:05 INFO MemoryStore: Block broadcast_0 stored as values in memory (estimated size 6.0 KB, free 912.3 MB)
20/10/05 15:36:05 INFO MemoryStore: Block broadcast_0_piece0 stored as bytes in memory (estimated size 3.4 KB, free 912.3 MB)
20/10/05 15:36:05 INFO BlockManagerInfo: Added broadcast_0_piece0 in memory on 127.0.0.1:55348 (size: 3.4 KB, free: 912.3 MB)
20/10/05 15:36:05 INFO SparkContext: Created broadcast 0 from broadcast at DAGScheduler.scala:1039
20/10/05 15:36:05 INFO DAGScheduler: Submitting 1 missing tasks from ResultStage 0 (MapPartitionsRDD[4] at map at utils.scala:41) (first 15 tasks are for partitions Vector(0))
20/10/05 15:36:05 INFO TaskSchedulerImpl: Adding task set 0.0 with 1 tasks
20/10/05 15:36:05 INFO TaskSetManager: Starting task 0.0 in stage 0.0 (TID 0, localhost, executor driver, partition 0, PROCESS_LOCAL, 7880 bytes)
20/10/05 15:36:05 INFO Executor: Running task 0.0 in stage 0.0 (TID 0)
20/10/05 15:36:05 INFO Executor: Fetching spark://127.0.0.1:55306/jars/sparklyr-2.3-2.11.jar with timestamp 1601904953664
20/10/05 15:36:05 INFO TransportClientFactory: Successfully created connection to /127.0.0.1:55306 after 29 ms (0 ms spent in bootstraps)
20/10/05 15:36:05 INFO Utils: Fetching spark://127.0.0.1:55306/jars/sparklyr-2.3-2.11.jar to C:\Users\luigi\AppData\Local\spark\spark-2.3.3-bin-hadoop2.7\tmp\local\spark-6c7a521c-639e-47aa-b2b0-a1c3307b90df\userFiles-51cdc950-860e-4454-b744-7eb8b26b5a7e\fetchFileTemp5489532391216722549.tmp
20/10/05 15:36:06 INFO Executor: Adding file:/C:/Users/luigi/AppData/Local/spark/spark-2.3.3-bin-hadoop2.7/tmp/local/spark-6c7a521c-639e-47aa-b2b0-a1c3307b90df/userFiles-51cdc950-860e-4454-b744-7eb8b26b5a7e/sparklyr-2.3-2.11.jar to class loader
20/10/05 15:36:06 INFO CodeGenerator: Code generated in 237.9516 ms
20/10/05 15:36:06 INFO Executor: Finished task 0.0 in stage 0.0 (TID 0). 1056 bytes result sent to driver
20/10/05 15:36:06 INFO TaskSetManager: Finished task 0.0 in stage 0.0 (TID 0) in 819 ms on localhost (executor driver) (1/1)
20/10/05 15:36:06 INFO TaskSchedulerImpl: Removed TaskSet 0.0, whose tasks have all completed, from pool 
20/10/05 15:36:06 INFO DAGScheduler: ResultStage 0 (collect at utils.scala:44) finished in 1,038 s
20/10/05 15:36:06 INFO DAGScheduler: Job 0 finished: collect at utils.scala:44, took 1,113474 s
20/10/05 15:36:07 INFO CodeGenerator: Code generated in 26.2224 ms
20/10/05 15:36:07 INFO CodeGenerator: Code generated in 18.0256 ms
20/10/05 15:36:07 INFO ContextCleaner: Cleaned accumulator 13
20/10/05 15:36:07 INFO ContextCleaner: Cleaned accumulator 28
20/10/05 15:36:07 INFO ContextCleaner: Cleaned accumulator 20
20/10/05 15:36:07 INFO ContextCleaner: Cleaned accumulator 12
20/10/05 15:36:07 INFO ContextCleaner: Cleaned accumulator 11
20/10/05 15:36:07 INFO ContextCleaner: Cleaned accumulator 7
20/10/05 15:36:07 INFO ContextCleaner: Cleaned accumulator 6
20/10/05 15:36:07 INFO ContextCleaner: Cleaned accumulator 19
20/10/05 15:36:07 INFO ContextCleaner: Cleaned accumulator 14
20/10/05 15:36:07 INFO ContextCleaner: Cleaned accumulator 16
20/10/05 15:36:07 INFO ContextCleaner: Cleaned accumulator 18
20/10/05 15:36:07 INFO ContextCleaner: Cleaned accumulator 24
20/10/05 15:36:07 INFO ContextCleaner: Cleaned accumulator 1
20/10/05 15:36:07 INFO ContextCleaner: Cleaned accumulator 23
20/10/05 15:36:07 INFO ContextCleaner: Cleaned accumulator 4
20/10/05 15:36:07 INFO ContextCleaner: Cleaned accumulator 3
20/10/05 15:36:07 INFO ContextCleaner: Cleaned accumulator 25
20/10/05 15:36:07 INFO BlockManagerInfo: Removed broadcast_0_piece0 on 127.0.0.1:55348 in memory (size: 3.4 KB, free: 912.3 MB)
20/10/05 15:36:07 INFO ContextCleaner: Cleaned accumulator 15
20/10/05 15:36:07 INFO ContextCleaner: Cleaned accumulator 2
20/10/05 15:36:07 INFO ContextCleaner: Cleaned accumulator 0
20/10/05 15:36:07 INFO ContextCleaner: Cleaned accumulator 9
20/10/05 15:36:07 INFO ContextCleaner: Cleaned accumulator 8
20/10/05 15:36:07 INFO ContextCleaner: Cleaned accumulator 10
20/10/05 15:36:07 INFO ContextCleaner: Cleaned accumulator 21
20/10/05 15:36:07 INFO ContextCleaner: Cleaned accumulator 17
20/10/05 15:36:07 INFO ContextCleaner: Cleaned accumulator 5
20/10/05 15:36:07 INFO ContextCleaner: Cleaned accumulator 22
20/10/05 15:36:07 INFO SparkContext: Starting job: sql at <unknown>:0
20/10/05 15:36:07 INFO DAGScheduler: Registering RDD 14 (sql at <unknown>:0)
20/10/05 15:36:07 INFO DAGScheduler: Got job 1 (sql at <unknown>:0) with 1 output partitions
20/10/05 15:36:07 INFO DAGScheduler: Final stage: ResultStage 2 (sql at <unknown>:0)
20/10/05 15:36:07 INFO DAGScheduler: Parents of final stage: List(ShuffleMapStage 1)
20/10/05 15:36:07 INFO DAGScheduler: Missing parents: List(ShuffleMapStage 1)
20/10/05 15:36:07 INFO DAGScheduler: Submitting ShuffleMapStage 1 (MapPartitionsRDD[14] at sql at <unknown>:0), which has no missing parents
20/10/05 15:36:07 INFO MemoryStore: Block broadcast_1 stored as values in memory (estimated size 21.4 KB, free 912.3 MB)
20/10/05 15:36:07 INFO MemoryStore: Block broadcast_1_piece0 stored as bytes in memory (estimated size 9.9 KB, free 912.3 MB)
20/10/05 15:36:07 INFO BlockManagerInfo: Added broadcast_1_piece0 in memory on 127.0.0.1:55348 (size: 9.9 KB, free: 912.3 MB)
20/10/05 15:36:07 INFO SparkContext: Created broadcast 1 from broadcast at DAGScheduler.scala:1039
20/10/05 15:36:07 INFO DAGScheduler: Submitting 1 missing tasks from ShuffleMapStage 1 (MapPartitionsRDD[14] at sql at <unknown>:0) (first 15 tasks are for partitions Vector(0))
20/10/05 15:36:07 INFO TaskSchedulerImpl: Adding task set 1.0 with 1 tasks
20/10/05 15:36:07 INFO TaskSetManager: Starting task 0.0 in stage 1.0 (TID 1, localhost, executor driver, partition 0, PROCESS_LOCAL, 11802 bytes)
20/10/05 15:36:07 INFO Executor: Running task 0.0 in stage 1.0 (TID 1)
20/10/05 15:36:07 INFO CodeGenerator: Code generated in 17.7796 ms
20/10/05 15:36:07 INFO CodeGenerator: Code generated in 53.9591 ms
20/10/05 15:36:07 INFO MemoryStore: Block rdd_9_0 stored as values in memory (estimated size 5.6 KB, free 912.3 MB)
20/10/05 15:36:07 INFO BlockManagerInfo: Added rdd_9_0 in memory on 127.0.0.1:55348 (size: 5.6 KB, free: 912.3 MB)
20/10/05 15:36:07 INFO CodeGenerator: Code generated in 6.1122 ms
20/10/05 15:36:07 INFO CodeGenerator: Code generated in 16.8424 ms
20/10/05 15:36:07 INFO Executor: Finished task 0.0 in stage 1.0 (TID 1). 1695 bytes result sent to driver
20/10/05 15:36:07 INFO TaskSetManager: Finished task 0.0 in stage 1.0 (TID 1) in 289 ms on localhost (executor driver) (1/1)
20/10/05 15:36:07 INFO TaskSchedulerImpl: Removed TaskSet 1.0, whose tasks have all completed, from pool 
20/10/05 15:36:07 INFO DAGScheduler: ShuffleMapStage 1 (sql at <unknown>:0) finished in 0,336 s
20/10/05 15:36:07 INFO DAGScheduler: looking for newly runnable stages
20/10/05 15:36:07 INFO DAGScheduler: running: Set()
20/10/05 15:36:07 INFO DAGScheduler: waiting: Set(ResultStage 2)
20/10/05 15:36:07 INFO DAGScheduler: failed: Set()
20/10/05 15:36:07 INFO DAGScheduler: Submitting ResultStage 2 (MapPartitionsRDD[17] at sql at <unknown>:0), which has no missing parents
20/10/05 15:36:08 INFO MemoryStore: Block broadcast_2 stored as values in memory (estimated size 7.5 KB, free 912.3 MB)
20/10/05 15:36:08 INFO MemoryStore: Block broadcast_2_piece0 stored as bytes in memory (estimated size 3.9 KB, free 912.3 MB)
20/10/05 15:36:08 INFO BlockManagerInfo: Added broadcast_2_piece0 in memory on 127.0.0.1:55348 (size: 3.9 KB, free: 912.3 MB)
20/10/05 15:36:08 INFO SparkContext: Created broadcast 2 from broadcast at DAGScheduler.scala:1039
20/10/05 15:36:08 INFO DAGScheduler: Submitting 1 missing tasks from ResultStage 2 (MapPartitionsRDD[17] at sql at <unknown>:0) (first 15 tasks are for partitions Vector(0))
20/10/05 15:36:08 INFO TaskSchedulerImpl: Adding task set 2.0 with 1 tasks
20/10/05 15:36:08 INFO TaskSetManager: Starting task 0.0 in stage 2.0 (TID 2, localhost, executor driver, partition 0, ANY, 7754 bytes)
20/10/05 15:36:08 INFO Executor: Running task 0.0 in stage 2.0 (TID 2)
20/10/05 15:36:08 INFO ShuffleBlockFetcherIterator: Getting 1 non-empty blocks out of 1 blocks
20/10/05 15:36:08 INFO ShuffleBlockFetcherIterator: Started 0 remote fetches in 11 ms
20/10/05 15:36:08 INFO Executor: Finished task 0.0 in stage 2.0 (TID 2). 1782 bytes result sent to driver
20/10/05 15:36:08 INFO TaskSetManager: Finished task 0.0 in stage 2.0 (TID 2) in 55 ms on localhost (executor driver) (1/1)
20/10/05 15:36:08 INFO TaskSchedulerImpl: Removed TaskSet 2.0, whose tasks have all completed, from pool 
20/10/05 15:36:08 INFO DAGScheduler: ResultStage 2 (sql at <unknown>:0) finished in 0,067 s
20/10/05 15:36:08 INFO DAGScheduler: Job 1 finished: sql at <unknown>:0, took 0,431620 s
20/10/05 15:36:08 INFO HiveMetaStore: 0: get_database: default
20/10/05 15:36:08 INFO audit: ugi=luigi	ip=unknown-ip-addr	cmd=get_database: default	
20/10/05 15:36:08 INFO CodeGenerator: Code generated in 8.2047 ms
20/10/05 15:36:08 INFO SparkContext: Starting job: collect at utils.scala:114
20/10/05 15:36:08 INFO DAGScheduler: Registering RDD 22 (collect at utils.scala:114)
20/10/05 15:36:08 INFO DAGScheduler: Got job 2 (collect at utils.scala:114) with 1 output partitions
20/10/05 15:36:08 INFO DAGScheduler: Final stage: ResultStage 4 (collect at utils.scala:114)
20/10/05 15:36:08 INFO DAGScheduler: Parents of final stage: List(ShuffleMapStage 3)
20/10/05 15:36:08 INFO DAGScheduler: Missing parents: List(ShuffleMapStage 3)
20/10/05 15:36:08 INFO DAGScheduler: Submitting ShuffleMapStage 3 (MapPartitionsRDD[22] at collect at utils.scala:114), which has no missing parents
20/10/05 15:36:08 INFO MemoryStore: Block broadcast_3 stored as values in memory (estimated size 21.4 KB, free 912.2 MB)
20/10/05 15:36:08 INFO MemoryStore: Block broadcast_3_piece0 stored as bytes in memory (estimated size 9.9 KB, free 912.2 MB)
20/10/05 15:36:08 INFO BlockManagerInfo: Added broadcast_3_piece0 in memory on 127.0.0.1:55348 (size: 9.9 KB, free: 912.3 MB)
20/10/05 15:36:08 INFO SparkContext: Created broadcast 3 from broadcast at DAGScheduler.scala:1039
20/10/05 15:36:08 INFO DAGScheduler: Submitting 1 missing tasks from ShuffleMapStage 3 (MapPartitionsRDD[22] at collect at utils.scala:114) (first 15 tasks are for partitions Vector(0))
20/10/05 15:36:08 INFO TaskSchedulerImpl: Adding task set 3.0 with 1 tasks
20/10/05 15:36:08 INFO TaskSetManager: Starting task 0.0 in stage 3.0 (TID 3, localhost, executor driver, partition 0, PROCESS_LOCAL, 11802 bytes)
20/10/05 15:36:08 INFO Executor: Running task 0.0 in stage 3.0 (TID 3)
20/10/05 15:36:08 INFO BlockManager: Found block rdd_9_0 locally
20/10/05 15:36:08 INFO Executor: Finished task 0.0 in stage 3.0 (TID 3). 1738 bytes result sent to driver
20/10/05 15:36:08 INFO TaskSetManager: Finished task 0.0 in stage 3.0 (TID 3) in 17 ms on localhost (executor driver) (1/1)
20/10/05 15:36:08 INFO TaskSchedulerImpl: Removed TaskSet 3.0, whose tasks have all completed, from pool 
20/10/05 15:36:08 INFO DAGScheduler: ShuffleMapStage 3 (collect at utils.scala:114) finished in 0,030 s
20/10/05 15:36:08 INFO DAGScheduler: looking for newly runnable stages
20/10/05 15:36:08 INFO DAGScheduler: running: Set()
20/10/05 15:36:08 INFO DAGScheduler: waiting: Set(ResultStage 4)
20/10/05 15:36:08 INFO DAGScheduler: failed: Set()
20/10/05 15:36:08 INFO DAGScheduler: Submitting ResultStage 4 (MapPartitionsRDD[25] at collect at utils.scala:114), which has no missing parents
20/10/05 15:36:08 INFO MemoryStore: Block broadcast_4 stored as values in memory (estimated size 7.5 KB, free 912.2 MB)
20/10/05 15:36:08 INFO MemoryStore: Block broadcast_4_piece0 stored as bytes in memory (estimated size 3.9 KB, free 912.2 MB)
20/10/05 15:36:08 INFO BlockManagerInfo: Added broadcast_4_piece0 in memory on 127.0.0.1:55348 (size: 3.9 KB, free: 912.3 MB)
20/10/05 15:36:08 INFO SparkContext: Created broadcast 4 from broadcast at DAGScheduler.scala:1039
20/10/05 15:36:08 INFO DAGScheduler: Submitting 1 missing tasks from ResultStage 4 (MapPartitionsRDD[25] at collect at utils.scala:114) (first 15 tasks are for partitions Vector(0))
20/10/05 15:36:08 INFO TaskSchedulerImpl: Adding task set 4.0 with 1 tasks
20/10/05 15:36:08 INFO TaskSetManager: Starting task 0.0 in stage 4.0 (TID 4, localhost, executor driver, partition 0, ANY, 7754 bytes)
20/10/05 15:36:08 INFO Executor: Running task 0.0 in stage 4.0 (TID 4)
20/10/05 15:36:08 INFO ShuffleBlockFetcherIterator: Getting 1 non-empty blocks out of 1 blocks
20/10/05 15:36:08 INFO ShuffleBlockFetcherIterator: Started 0 remote fetches in 0 ms
20/10/05 15:36:08 INFO Executor: Finished task 0.0 in stage 4.0 (TID 4). 1696 bytes result sent to driver
20/10/05 15:36:08 INFO TaskSetManager: Finished task 0.0 in stage 4.0 (TID 4) in 7 ms on localhost (executor driver) (1/1)
20/10/05 15:36:08 INFO TaskSchedulerImpl: Removed TaskSet 4.0, whose tasks have all completed, from pool 
20/10/05 15:36:08 INFO DAGScheduler: ResultStage 4 (collect at utils.scala:114) finished in 0,015 s
20/10/05 15:36:08 INFO DAGScheduler: Job 2 finished: collect at utils.scala:114, took 0,050784 s
20/10/05 15:36:08 INFO CodeGenerator: Code generated in 19.5828 ms
20/10/05 15:36:08 INFO CodeGenerator: Code generated in 10.3408 ms
20/10/05 15:36:08 INFO SparkContext: Starting job: count at utils.scala:114
20/10/05 15:36:08 INFO DAGScheduler: Registering RDD 30 (count at utils.scala:114)
20/10/05 15:36:08 INFO DAGScheduler: Got job 3 (count at utils.scala:114) with 1 output partitions
20/10/05 15:36:08 INFO DAGScheduler: Final stage: ResultStage 6 (count at utils.scala:114)
20/10/05 15:36:08 INFO DAGScheduler: Parents of final stage: List(ShuffleMapStage 5)
20/10/05 15:36:08 INFO DAGScheduler: Missing parents: List(ShuffleMapStage 5)
20/10/05 15:36:08 INFO DAGScheduler: Submitting ShuffleMapStage 5 (MapPartitionsRDD[30] at count at utils.scala:114), which has no missing parents
20/10/05 15:36:08 INFO MemoryStore: Block broadcast_5 stored as values in memory (estimated size 20.3 KB, free 912.2 MB)
20/10/05 15:36:08 INFO MemoryStore: Block broadcast_5_piece0 stored as bytes in memory (estimated size 9.6 KB, free 912.2 MB)
20/10/05 15:36:08 INFO BlockManagerInfo: Added broadcast_5_piece0 in memory on 127.0.0.1:55348 (size: 9.6 KB, free: 912.3 MB)
20/10/05 15:36:08 INFO SparkContext: Created broadcast 5 from broadcast at DAGScheduler.scala:1039
20/10/05 15:36:08 INFO DAGScheduler: Submitting 1 missing tasks from ShuffleMapStage 5 (MapPartitionsRDD[30] at count at utils.scala:114) (first 15 tasks are for partitions Vector(0))
20/10/05 15:36:08 INFO TaskSchedulerImpl: Adding task set 5.0 with 1 tasks
20/10/05 15:36:08 INFO TaskSetManager: Starting task 0.0 in stage 5.0 (TID 5, localhost, executor driver, partition 0, PROCESS_LOCAL, 11802 bytes)
20/10/05 15:36:08 INFO Executor: Running task 0.0 in stage 5.0 (TID 5)
20/10/05 15:36:08 INFO BlockManager: Found block rdd_9_0 locally
20/10/05 15:36:08 INFO Executor: Finished task 0.0 in stage 5.0 (TID 5). 1738 bytes result sent to driver
20/10/05 15:36:08 INFO TaskSetManager: Finished task 0.0 in stage 5.0 (TID 5) in 16 ms on localhost (executor driver) (1/1)
20/10/05 15:36:08 INFO TaskSchedulerImpl: Removed TaskSet 5.0, whose tasks have all completed, from pool 
20/10/05 15:36:08 INFO DAGScheduler: ShuffleMapStage 5 (count at utils.scala:114) finished in 0,028 s
20/10/05 15:36:08 INFO DAGScheduler: looking for newly runnable stages
20/10/05 15:36:08 INFO DAGScheduler: running: Set()
20/10/05 15:36:08 INFO DAGScheduler: waiting: Set(ResultStage 6)
20/10/05 15:36:08 INFO DAGScheduler: failed: Set()
20/10/05 15:36:08 INFO DAGScheduler: Submitting ResultStage 6 (MapPartitionsRDD[33] at count at utils.scala:114), which has no missing parents
20/10/05 15:36:08 INFO MemoryStore: Block broadcast_6 stored as values in memory (estimated size 10.0 KB, free 912.2 MB)
20/10/05 15:36:08 INFO MemoryStore: Block broadcast_6_piece0 stored as bytes in memory (estimated size 4.2 KB, free 912.2 MB)
20/10/05 15:36:08 INFO BlockManagerInfo: Added broadcast_6_piece0 in memory on 127.0.0.1:55348 (size: 4.2 KB, free: 912.3 MB)
20/10/05 15:36:08 INFO SparkContext: Created broadcast 6 from broadcast at DAGScheduler.scala:1039
20/10/05 15:36:08 INFO DAGScheduler: Submitting 1 missing tasks from ResultStage 6 (MapPartitionsRDD[33] at count at utils.scala:114) (first 15 tasks are for partitions Vector(0))
20/10/05 15:36:08 INFO TaskSchedulerImpl: Adding task set 6.0 with 1 tasks
20/10/05 15:36:08 INFO TaskSetManager: Starting task 0.0 in stage 6.0 (TID 6, localhost, executor driver, partition 0, ANY, 7754 bytes)
20/10/05 15:36:08 INFO Executor: Running task 0.0 in stage 6.0 (TID 6)
20/10/05 15:36:08 INFO ShuffleBlockFetcherIterator: Getting 1 non-empty blocks out of 1 blocks
20/10/05 15:36:08 INFO ShuffleBlockFetcherIterator: Started 0 remote fetches in 0 ms
20/10/05 15:36:08 INFO Executor: Finished task 0.0 in stage 6.0 (TID 6). 2012 bytes result sent to driver
20/10/05 15:36:08 INFO TaskSetManager: Finished task 0.0 in stage 6.0 (TID 6) in 10 ms on localhost (executor driver) (1/1)
20/10/05 15:36:08 INFO TaskSchedulerImpl: Removed TaskSet 6.0, whose tasks have all completed, from pool 
20/10/05 15:36:08 INFO DAGScheduler: ResultStage 6 (count at utils.scala:114) finished in 0,018 s
20/10/05 15:36:08 INFO DAGScheduler: Job 3 finished: count at utils.scala:114, took 0,050255 s
20/10/05 15:36:10 INFO CodeGenerator: Code generated in 9.3209 ms
20/10/05 15:36:10 INFO CodeGenerator: Code generated in 11.5844 ms
20/10/05 15:36:10 INFO SparkContext: Starting job: collect at utils.scala:114
20/10/05 15:36:10 INFO DAGScheduler: Got job 4 (collect at utils.scala:114) with 1 output partitions
20/10/05 15:36:10 INFO DAGScheduler: Final stage: ResultStage 7 (collect at utils.scala:114)
20/10/05 15:36:10 INFO DAGScheduler: Parents of final stage: List()
20/10/05 15:36:10 INFO DAGScheduler: Missing parents: List()
20/10/05 15:36:10 INFO DAGScheduler: Submitting ResultStage 7 (MapPartitionsRDD[39] at collect at utils.scala:114), which has no missing parents
20/10/05 15:36:10 INFO MemoryStore: Block broadcast_7 stored as values in memory (estimated size 21.3 KB, free 912.1 MB)
20/10/05 15:36:10 INFO MemoryStore: Block broadcast_7_piece0 stored as bytes in memory (estimated size 9.5 KB, free 912.1 MB)
20/10/05 15:36:10 INFO BlockManagerInfo: Added broadcast_7_piece0 in memory on 127.0.0.1:55348 (size: 9.5 KB, free: 912.2 MB)
20/10/05 15:36:10 INFO SparkContext: Created broadcast 7 from broadcast at DAGScheduler.scala:1039
20/10/05 15:36:10 INFO DAGScheduler: Submitting 1 missing tasks from ResultStage 7 (MapPartitionsRDD[39] at collect at utils.scala:114) (first 15 tasks are for partitions Vector(0))
20/10/05 15:36:10 INFO TaskSchedulerImpl: Adding task set 7.0 with 1 tasks
20/10/05 15:36:10 INFO TaskSetManager: Starting task 0.0 in stage 7.0 (TID 7, localhost, executor driver, partition 0, PROCESS_LOCAL, 11813 bytes)
20/10/05 15:36:10 INFO Executor: Running task 0.0 in stage 7.0 (TID 7)
20/10/05 15:36:10 INFO BlockManager: Found block rdd_9_0 locally
20/10/05 15:36:10 INFO InMemoryTableScanExec: Predicate isnotnull(Species#17) generates partition filter: ((Species.count#209 - Species.nullCount#208) > 0)
20/10/05 15:36:10 INFO InMemoryTableScanExec: Predicate (Species#17 = setosa) generates partition filter: ((Species.lowerBound#207 <= setosa) && (setosa <= Species.upperBound#206))
20/10/05 15:36:10 INFO CodeGenerator: Code generated in 8.2149 ms
20/10/05 15:36:10 INFO CodeGenerator: Code generated in 27.1463 ms
20/10/05 15:36:10 INFO Executor: 1 block locks were not released by TID = 7:
[rdd_9_0]
20/10/05 15:36:10 INFO Executor: Finished task 0.0 in stage 7.0 (TID 7). 1569 bytes result sent to driver
20/10/05 15:36:10 INFO TaskSetManager: Finished task 0.0 in stage 7.0 (TID 7) in 91 ms on localhost (executor driver) (1/1)
20/10/05 15:36:10 INFO TaskSchedulerImpl: Removed TaskSet 7.0, whose tasks have all completed, from pool 
20/10/05 15:36:10 INFO DAGScheduler: ResultStage 7 (collect at utils.scala:114) finished in 0,103 s
20/10/05 15:36:10 INFO DAGScheduler: Job 4 finished: collect at utils.scala:114, took 0,107116 s
20/10/05 15:36:10 INFO CodeGenerator: Code generated in 20.769 ms
20/10/05 15:36:10 INFO CodeGenerator: Code generated in 9.2057 ms
20/10/05 15:36:10 INFO SparkContext: Starting job: count at utils.scala:114
20/10/05 15:36:10 INFO DAGScheduler: Registering RDD 44 (count at utils.scala:114)
20/10/05 15:36:10 INFO DAGScheduler: Got job 5 (count at utils.scala:114) with 1 output partitions
20/10/05 15:36:10 INFO DAGScheduler: Final stage: ResultStage 9 (count at utils.scala:114)
20/10/05 15:36:10 INFO DAGScheduler: Parents of final stage: List(ShuffleMapStage 8)
20/10/05 15:36:10 INFO DAGScheduler: Missing parents: List(ShuffleMapStage 8)
20/10/05 15:36:10 INFO DAGScheduler: Submitting ShuffleMapStage 8 (MapPartitionsRDD[44] at count at utils.scala:114), which has no missing parents
20/10/05 15:36:10 INFO MemoryStore: Block broadcast_8 stored as values in memory (estimated size 21.4 KB, free 912.1 MB)
20/10/05 15:36:10 INFO MemoryStore: Block broadcast_8_piece0 stored as bytes in memory (estimated size 10.0 KB, free 912.1 MB)
20/10/05 15:36:10 INFO BlockManagerInfo: Added broadcast_8_piece0 in memory on 127.0.0.1:55348 (size: 10.0 KB, free: 912.2 MB)
20/10/05 15:36:10 INFO SparkContext: Created broadcast 8 from broadcast at DAGScheduler.scala:1039
20/10/05 15:36:10 INFO DAGScheduler: Submitting 1 missing tasks from ShuffleMapStage 8 (MapPartitionsRDD[44] at count at utils.scala:114) (first 15 tasks are for partitions Vector(0))
20/10/05 15:36:10 INFO TaskSchedulerImpl: Adding task set 8.0 with 1 tasks
20/10/05 15:36:10 INFO TaskSetManager: Starting task 0.0 in stage 8.0 (TID 8, localhost, executor driver, partition 0, PROCESS_LOCAL, 11802 bytes)
20/10/05 15:36:10 INFO Executor: Running task 0.0 in stage 8.0 (TID 8)
20/10/05 15:36:10 INFO BlockManager: Found block rdd_9_0 locally
20/10/05 15:36:10 INFO InMemoryTableScanExec: Predicate isnotnull(Species#17) generates partition filter: ((Species.count#243 - Species.nullCount#242) > 0)
20/10/05 15:36:10 INFO InMemoryTableScanExec: Predicate (Species#17 = setosa) generates partition filter: ((Species.lowerBound#241 <= setosa) && (setosa <= Species.upperBound#240))
20/10/05 15:36:10 INFO CodeGenerator: Code generated in 14.342 ms
20/10/05 15:36:10 INFO Executor: 1 block locks were not released by TID = 8:
[rdd_9_0]
20/10/05 15:36:10 INFO Executor: Finished task 0.0 in stage 8.0 (TID 8). 1642 bytes result sent to driver
20/10/05 15:36:10 INFO TaskSetManager: Finished task 0.0 in stage 8.0 (TID 8) in 30 ms on localhost (executor driver) (1/1)
20/10/05 15:36:10 INFO TaskSchedulerImpl: Removed TaskSet 8.0, whose tasks have all completed, from pool 
20/10/05 15:36:10 INFO DAGScheduler: ShuffleMapStage 8 (count at utils.scala:114) finished in 0,041 s
20/10/05 15:36:10 INFO DAGScheduler: looking for newly runnable stages
20/10/05 15:36:10 INFO DAGScheduler: running: Set()
20/10/05 15:36:10 INFO DAGScheduler: waiting: Set(ResultStage 9)
20/10/05 15:36:10 INFO DAGScheduler: failed: Set()
20/10/05 15:36:10 INFO DAGScheduler: Submitting ResultStage 9 (MapPartitionsRDD[47] at count at utils.scala:114), which has no missing parents
20/10/05 15:36:10 INFO MemoryStore: Block broadcast_9 stored as values in memory (estimated size 9.5 KB, free 912.1 MB)
20/10/05 15:36:10 INFO MemoryStore: Block broadcast_9_piece0 stored as bytes in memory (estimated size 4.3 KB, free 912.1 MB)
20/10/05 15:36:10 INFO BlockManagerInfo: Added broadcast_9_piece0 in memory on 127.0.0.1:55348 (size: 4.3 KB, free: 912.2 MB)
20/10/05 15:36:10 INFO SparkContext: Created broadcast 9 from broadcast at DAGScheduler.scala:1039
20/10/05 15:36:10 INFO DAGScheduler: Submitting 1 missing tasks from ResultStage 9 (MapPartitionsRDD[47] at count at utils.scala:114) (first 15 tasks are for partitions Vector(0))
20/10/05 15:36:10 INFO TaskSchedulerImpl: Adding task set 9.0 with 1 tasks
20/10/05 15:36:10 INFO TaskSetManager: Starting task 0.0 in stage 9.0 (TID 9, localhost, executor driver, partition 0, ANY, 7754 bytes)
20/10/05 15:36:10 INFO Executor: Running task 0.0 in stage 9.0 (TID 9)
20/10/05 15:36:10 INFO ShuffleBlockFetcherIterator: Getting 1 non-empty blocks out of 1 blocks
20/10/05 15:36:10 INFO ShuffleBlockFetcherIterator: Started 0 remote fetches in 0 ms
20/10/05 15:36:10 INFO Executor: Finished task 0.0 in stage 9.0 (TID 9). 1897 bytes result sent to driver
20/10/05 15:36:10 INFO TaskSetManager: Finished task 0.0 in stage 9.0 (TID 9) in 7 ms on localhost (executor driver) (1/1)
20/10/05 15:36:10 INFO TaskSchedulerImpl: Removed TaskSet 9.0, whose tasks have all completed, from pool 
20/10/05 15:36:10 INFO DAGScheduler: ResultStage 9 (count at utils.scala:114) finished in 0,015 s
20/10/05 15:36:10 INFO DAGScheduler: Job 5 finished: count at utils.scala:114, took 0,059993 s
20/10/05 15:36:37 INFO HiveMetaStore: 0: get_database: default
20/10/05 15:36:37 INFO audit: ugi=luigi	ip=unknown-ip-addr	cmd=get_database: default	
20/10/05 15:36:37 INFO HiveMetaStore: 0: get_database: default
20/10/05 15:36:37 INFO audit: ugi=luigi	ip=unknown-ip-addr	cmd=get_database: default	
20/10/05 15:36:37 INFO HiveMetaStore: 0: get_tables: db=default pat=*
20/10/05 15:36:37 INFO audit: ugi=luigi	ip=unknown-ip-addr	cmd=get_tables: db=default pat=*	
20/10/05 15:36:37 INFO CodeGenerator: Code generated in 5.5164 ms
20/10/05 15:36:37 INFO SparkContext: Starting job: collect at utils.scala:44
20/10/05 15:36:37 INFO DAGScheduler: Got job 6 (collect at utils.scala:44) with 1 output partitions
20/10/05 15:36:37 INFO DAGScheduler: Final stage: ResultStage 10 (collect at utils.scala:44)
20/10/05 15:36:37 INFO DAGScheduler: Parents of final stage: List()
20/10/05 15:36:37 INFO DAGScheduler: Missing parents: List()
20/10/05 15:36:37 INFO DAGScheduler: Submitting ResultStage 10 (MapPartitionsRDD[52] at map at utils.scala:41), which has no missing parents
20/10/05 15:36:37 INFO MemoryStore: Block broadcast_10 stored as values in memory (estimated size 6.0 KB, free 912.1 MB)
20/10/05 15:36:37 INFO MemoryStore: Block broadcast_10_piece0 stored as bytes in memory (estimated size 3.4 KB, free 912.1 MB)
20/10/05 15:36:37 INFO BlockManagerInfo: Added broadcast_10_piece0 in memory on 127.0.0.1:55348 (size: 3.4 KB, free: 912.2 MB)
20/10/05 15:36:37 INFO SparkContext: Created broadcast 10 from broadcast at DAGScheduler.scala:1039
20/10/05 15:36:37 INFO DAGScheduler: Submitting 1 missing tasks from ResultStage 10 (MapPartitionsRDD[52] at map at utils.scala:41) (first 15 tasks are for partitions Vector(0))
20/10/05 15:36:37 INFO TaskSchedulerImpl: Adding task set 10.0 with 1 tasks
20/10/05 15:36:37 INFO TaskSetManager: Starting task 0.0 in stage 10.0 (TID 10, localhost, executor driver, partition 0, PROCESS_LOCAL, 8039 bytes)
20/10/05 15:36:37 INFO Executor: Running task 0.0 in stage 10.0 (TID 10)
20/10/05 15:36:37 INFO Executor: Finished task 0.0 in stage 10.0 (TID 10). 891 bytes result sent to driver
20/10/05 15:36:37 INFO TaskSetManager: Finished task 0.0 in stage 10.0 (TID 10) in 6 ms on localhost (executor driver) (1/1)
20/10/05 15:36:37 INFO TaskSchedulerImpl: Removed TaskSet 10.0, whose tasks have all completed, from pool 
20/10/05 15:36:37 INFO DAGScheduler: ResultStage 10 (collect at utils.scala:44) finished in 0,013 s
20/10/05 15:36:37 INFO DAGScheduler: Job 6 finished: collect at utils.scala:44, took 0,015004 s
20/10/05 15:36:38 INFO HiveMetaStore: 0: get_database: default
20/10/05 15:36:38 INFO audit: ugi=luigi	ip=unknown-ip-addr	cmd=get_database: default	
20/10/05 15:36:38 INFO HiveMetaStore: 0: get_database: default
20/10/05 15:36:38 INFO audit: ugi=luigi	ip=unknown-ip-addr	cmd=get_database: default	
20/10/05 15:36:38 INFO HiveMetaStore: 0: get_tables: db=default pat=*
20/10/05 15:36:38 INFO audit: ugi=luigi	ip=unknown-ip-addr	cmd=get_tables: db=default pat=*	
20/10/05 15:36:38 INFO CodeGenerator: Code generated in 15.9672 ms
20/10/05 15:36:38 INFO CodeGenerator: Code generated in 19.324 ms
20/10/05 15:36:38 INFO CodeGenerator: Code generated in 7.5508 ms
20/10/05 15:36:39 INFO SparkContext: Starting job: count at utils.scala:114
20/10/05 15:36:39 INFO DAGScheduler: Registering RDD 56 (count at utils.scala:114)
20/10/05 15:36:39 INFO DAGScheduler: Got job 7 (count at utils.scala:114) with 1 output partitions
20/10/05 15:36:39 INFO DAGScheduler: Final stage: ResultStage 12 (count at utils.scala:114)
20/10/05 15:36:39 INFO DAGScheduler: Parents of final stage: List(ShuffleMapStage 11)
20/10/05 15:36:39 INFO DAGScheduler: Missing parents: List(ShuffleMapStage 11)
20/10/05 15:36:39 INFO DAGScheduler: Submitting ShuffleMapStage 11 (MapPartitionsRDD[56] at count at utils.scala:114), which has no missing parents
20/10/05 15:36:39 INFO MemoryStore: Block broadcast_11 stored as values in memory (estimated size 8.3 KB, free 912.1 MB)
20/10/05 15:36:39 INFO MemoryStore: Block broadcast_11_piece0 stored as bytes in memory (estimated size 4.3 KB, free 912.1 MB)
20/10/05 15:36:39 INFO BlockManagerInfo: Added broadcast_11_piece0 in memory on 127.0.0.1:55348 (size: 4.3 KB, free: 912.2 MB)
20/10/05 15:36:39 INFO SparkContext: Created broadcast 11 from broadcast at DAGScheduler.scala:1039
20/10/05 15:36:39 INFO DAGScheduler: Submitting 1 missing tasks from ShuffleMapStage 11 (MapPartitionsRDD[56] at count at utils.scala:114) (first 15 tasks are for partitions Vector(0))
20/10/05 15:36:39 INFO TaskSchedulerImpl: Adding task set 11.0 with 1 tasks
20/10/05 15:36:39 INFO TaskSetManager: Starting task 0.0 in stage 11.0 (TID 11, localhost, executor driver, partition 0, PROCESS_LOCAL, 8004 bytes)
20/10/05 15:36:39 INFO Executor: Running task 0.0 in stage 11.0 (TID 11)
20/10/05 15:36:39 INFO Executor: Finished task 0.0 in stage 11.0 (TID 11). 1413 bytes result sent to driver
20/10/05 15:36:39 INFO TaskSetManager: Finished task 0.0 in stage 11.0 (TID 11) in 7 ms on localhost (executor driver) (1/1)
20/10/05 15:36:39 INFO TaskSchedulerImpl: Removed TaskSet 11.0, whose tasks have all completed, from pool 
20/10/05 15:36:39 INFO DAGScheduler: ShuffleMapStage 11 (count at utils.scala:114) finished in 0,015 s
20/10/05 15:36:39 INFO DAGScheduler: looking for newly runnable stages
20/10/05 15:36:39 INFO DAGScheduler: running: Set()
20/10/05 15:36:39 INFO DAGScheduler: waiting: Set(ResultStage 12)
20/10/05 15:36:39 INFO DAGScheduler: failed: Set()
20/10/05 15:36:39 INFO DAGScheduler: Submitting ResultStage 12 (MapPartitionsRDD[59] at count at utils.scala:114), which has no missing parents
20/10/05 15:36:39 INFO MemoryStore: Block broadcast_12 stored as values in memory (estimated size 7.5 KB, free 912.1 MB)
20/10/05 15:36:39 INFO MemoryStore: Block broadcast_12_piece0 stored as bytes in memory (estimated size 3.9 KB, free 912.1 MB)
20/10/05 15:36:39 INFO BlockManagerInfo: Added broadcast_12_piece0 in memory on 127.0.0.1:55348 (size: 3.9 KB, free: 912.2 MB)
20/10/05 15:36:39 INFO SparkContext: Created broadcast 12 from broadcast at DAGScheduler.scala:1039
20/10/05 15:36:39 INFO DAGScheduler: Submitting 1 missing tasks from ResultStage 12 (MapPartitionsRDD[59] at count at utils.scala:114) (first 15 tasks are for partitions Vector(0))
20/10/05 15:36:39 INFO TaskSchedulerImpl: Adding task set 12.0 with 1 tasks
20/10/05 15:36:39 INFO TaskSetManager: Starting task 0.0 in stage 12.0 (TID 12, localhost, executor driver, partition 0, ANY, 7754 bytes)
20/10/05 15:36:39 INFO Executor: Running task 0.0 in stage 12.0 (TID 12)
20/10/05 15:36:39 INFO ShuffleBlockFetcherIterator: Getting 1 non-empty blocks out of 1 blocks
20/10/05 15:36:39 INFO ShuffleBlockFetcherIterator: Started 0 remote fetches in 1 ms
20/10/05 15:36:39 INFO Executor: Finished task 0.0 in stage 12.0 (TID 12). 1696 bytes result sent to driver
20/10/05 15:36:39 INFO TaskSetManager: Finished task 0.0 in stage 12.0 (TID 12) in 5 ms on localhost (executor driver) (1/1)
20/10/05 15:36:39 INFO TaskSchedulerImpl: Removed TaskSet 12.0, whose tasks have all completed, from pool 
20/10/05 15:36:39 INFO DAGScheduler: ResultStage 12 (count at utils.scala:114) finished in 0,012 s
20/10/05 15:36:39 INFO DAGScheduler: Job 7 finished: count at utils.scala:114, took 0,031576 s
20/10/05 15:36:39 INFO HiveMetaStore: 0: get_database: default
20/10/05 15:36:39 INFO audit: ugi=luigi	ip=unknown-ip-addr	cmd=get_database: default	
20/10/05 15:36:39 INFO HiveMetaStore: 0: get_database: default
20/10/05 15:36:39 INFO audit: ugi=luigi	ip=unknown-ip-addr	cmd=get_database: default	
20/10/05 15:36:39 INFO HiveMetaStore: 0: get_tables: db=default pat=*
20/10/05 15:36:39 INFO audit: ugi=luigi	ip=unknown-ip-addr	cmd=get_tables: db=default pat=*	
20/10/05 15:36:39 INFO ContextCleaner: Cleaned accumulator 144
20/10/05 15:36:39 INFO ContextCleaner: Cleaned accumulator 232
20/10/05 15:36:39 INFO ContextCleaner: Cleaned accumulator 315
20/10/05 15:36:39 INFO ContextCleaner: Cleaned accumulator 397
20/10/05 15:36:39 INFO ContextCleaner: Cleaned accumulator 391
20/10/05 15:36:39 INFO ContextCleaner: Cleaned accumulator 301
20/10/05 15:36:39 INFO ContextCleaner: Cleaned accumulator 78
20/10/05 15:36:39 INFO ContextCleaner: Cleaned accumulator 266
20/10/05 15:36:39 INFO ContextCleaner: Cleaned accumulator 304
20/10/05 15:36:39 INFO ContextCleaner: Cleaned accumulator 310
20/10/05 15:36:39 INFO ContextCleaner: Cleaned accumulator 252
20/10/05 15:36:39 INFO ContextCleaner: Cleaned accumulator 379
20/10/05 15:36:39 INFO ContextCleaner: Cleaned accumulator 376
20/10/05 15:36:39 INFO ContextCleaner: Cleaned accumulator 336
20/10/05 15:36:39 INFO ContextCleaner: Cleaned accumulator 207
20/10/05 15:36:39 INFO ContextCleaner: Cleaned accumulator 169
20/10/05 15:36:39 INFO ContextCleaner: Cleaned accumulator 245
20/10/05 15:36:39 INFO ContextCleaner: Cleaned accumulator 62
20/10/05 15:36:39 INFO ContextCleaner: Cleaned accumulator 378
20/10/05 15:36:39 INFO ContextCleaner: Cleaned accumulator 359
20/10/05 15:36:39 INFO ContextCleaner: Cleaned accumulator 74
20/10/05 15:36:39 INFO ContextCleaner: Cleaned accumulator 213
20/10/05 15:36:39 INFO ContextCleaner: Cleaned accumulator 253
20/10/05 15:36:39 INFO ContextCleaner: Cleaned accumulator 332
20/10/05 15:36:39 INFO ContextCleaner: Cleaned accumulator 416
20/10/05 15:36:39 INFO ContextCleaner: Cleaned accumulator 270
20/10/05 15:36:39 INFO ContextCleaner: Cleaned accumulator 53
20/10/05 15:36:39 INFO ContextCleaner: Cleaned accumulator 130
20/10/05 15:36:39 INFO ContextCleaner: Cleaned accumulator 110
20/10/05 15:36:39 INFO ContextCleaner: Cleaned accumulator 217
20/10/05 15:36:39 INFO ContextCleaner: Cleaned accumulator 390
20/10/05 15:36:39 INFO ContextCleaner: Cleaned accumulator 262
20/10/05 15:36:39 INFO ContextCleaner: Cleaned accumulator 287
20/10/05 15:36:39 INFO ContextCleaner: Cleaned accumulator 337
20/10/05 15:36:39 INFO ContextCleaner: Cleaned accumulator 73
20/10/05 15:36:39 INFO ContextCleaner: Cleaned accumulator 308
20/10/05 15:36:39 INFO ContextCleaner: Cleaned accumulator 231
20/10/05 15:36:39 INFO ContextCleaner: Cleaned accumulator 356
20/10/05 15:36:39 INFO ContextCleaner: Cleaned accumulator 70
20/10/05 15:36:39 INFO ContextCleaner: Cleaned accumulator 411
20/10/05 15:36:39 INFO ContextCleaner: Cleaned accumulator 249
20/10/05 15:36:39 INFO ContextCleaner: Cleaned accumulator 120
20/10/05 15:36:39 INFO ContextCleaner: Cleaned accumulator 86
20/10/05 15:36:39 INFO ContextCleaner: Cleaned accumulator 58
20/10/05 15:36:39 INFO ContextCleaner: Cleaned accumulator 325
20/10/05 15:36:39 INFO ContextCleaner: Cleaned accumulator 413
20/10/05 15:36:39 INFO ContextCleaner: Cleaned accumulator 385
20/10/05 15:36:39 INFO ContextCleaner: Cleaned accumulator 278
20/10/05 15:36:39 INFO BlockManagerInfo: Removed broadcast_5_piece0 on 127.0.0.1:55348 in memory (size: 9.6 KB, free: 912.2 MB)
20/10/05 15:36:39 INFO ContextCleaner: Cleaned accumulator 226
20/10/05 15:36:39 INFO ContextCleaner: Cleaned accumulator 280
20/10/05 15:36:39 INFO ContextCleaner: Cleaned accumulator 157
20/10/05 15:36:39 INFO ContextCleaner: Cleaned accumulator 350
20/10/05 15:36:39 INFO ContextCleaner: Cleaned accumulator 97
20/10/05 15:36:39 INFO ContextCleaner: Cleaned accumulator 316
20/10/05 15:36:39 INFO ContextCleaner: Cleaned accumulator 117
20/10/05 15:36:39 INFO ContextCleaner: Cleaned accumulator 302
20/10/05 15:36:39 INFO ContextCleaner: Cleaned accumulator 282
20/10/05 15:36:39 INFO BlockManagerInfo: Removed broadcast_10_piece0 on 127.0.0.1:55348 in memory (size: 3.4 KB, free: 912.2 MB)
20/10/05 15:36:39 INFO ContextCleaner: Cleaned accumulator 44
20/10/05 15:36:39 INFO ContextCleaner: Cleaned accumulator 146
20/10/05 15:36:39 INFO ContextCleaner: Cleaned accumulator 114
20/10/05 15:36:39 INFO ContextCleaner: Cleaned accumulator 400
20/10/05 15:36:39 INFO ContextCleaner: Cleaned accumulator 156
20/10/05 15:36:39 INFO ContextCleaner: Cleaned accumulator 319
20/10/05 15:36:39 INFO ContextCleaner: Cleaned accumulator 197
20/10/05 15:36:39 INFO ContextCleaner: Cleaned accumulator 105
20/10/05 15:36:39 INFO ContextCleaner: Cleaned accumulator 403
20/10/05 15:36:39 INFO ContextCleaner: Cleaned accumulator 288
20/10/05 15:36:39 INFO ContextCleaner: Cleaned accumulator 202
20/10/05 15:36:39 INFO ContextCleaner: Cleaned accumulator 177
20/10/05 15:36:39 INFO ContextCleaner: Cleaned accumulator 236
20/10/05 15:36:39 INFO ContextCleaner: Cleaned accumulator 294
20/10/05 15:36:39 INFO ContextCleaner: Cleaned accumulator 109
20/10/05 15:36:39 INFO ContextCleaner: Cleaned accumulator 216
20/10/05 15:36:39 INFO ContextCleaner: Cleaned accumulator 406
20/10/05 15:36:39 INFO ContextCleaner: Cleaned accumulator 171
20/10/05 15:36:39 INFO ContextCleaner: Cleaned accumulator 417
20/10/05 15:36:39 INFO ContextCleaner: Cleaned accumulator 407
20/10/05 15:36:39 INFO ContextCleaner: Cleaned accumulator 214
20/10/05 15:36:39 INFO ContextCleaner: Cleaned accumulator 170
20/10/05 15:36:39 INFO ContextCleaner: Cleaned accumulator 281
20/10/05 15:36:39 INFO ContextCleaner: Cleaned accumulator 184
20/10/05 15:36:39 INFO ContextCleaner: Cleaned accumulator 160
20/10/05 15:36:39 INFO ContextCleaner: Cleaned accumulator 358
20/10/05 15:36:39 INFO ContextCleaner: Cleaned accumulator 163
20/10/05 15:36:39 INFO ContextCleaner: Cleaned accumulator 93
20/10/05 15:36:39 INFO ContextCleaner: Cleaned accumulator 293
20/10/05 15:36:39 INFO ContextCleaner: Cleaned accumulator 298
20/10/05 15:36:39 INFO ContextCleaner: Cleaned accumulator 331
20/10/05 15:36:39 INFO ContextCleaner: Cleaned accumulator 263
20/10/05 15:36:39 INFO ContextCleaner: Cleaned accumulator 370
20/10/05 15:36:39 INFO ContextCleaner: Cleaned accumulator 369
20/10/05 15:36:39 INFO ContextCleaner: Cleaned accumulator 57
20/10/05 15:36:39 INFO ContextCleaner: Cleaned accumulator 274
20/10/05 15:36:39 INFO ContextCleaner: Cleaned accumulator 393
20/10/05 15:36:39 INFO ContextCleaner: Cleaned accumulator 90
20/10/05 15:36:39 INFO ContextCleaner: Cleaned accumulator 408
20/10/05 15:36:39 INFO ContextCleaner: Cleaned accumulator 47
20/10/05 15:36:39 INFO ContextCleaner: Cleaned accumulator 224
20/10/05 15:36:39 INFO ContextCleaner: Cleaned shuffle 2
20/10/05 15:36:39 INFO ContextCleaner: Cleaned accumulator 180
20/10/05 15:36:39 INFO ContextCleaner: Cleaned accumulator 405
20/10/05 15:36:39 INFO ContextCleaner: Cleaned accumulator 371
20/10/05 15:36:39 INFO ContextCleaner: Cleaned accumulator 149
20/10/05 15:36:39 INFO ContextCleaner: Cleaned accumulator 321
20/10/05 15:36:39 INFO ContextCleaner: Cleaned accumulator 46
20/10/05 15:36:39 INFO ContextCleaner: Cleaned accumulator 276
20/10/05 15:36:39 INFO ContextCleaner: Cleaned accumulator 317
20/10/05 15:36:39 INFO ContextCleaner: Cleaned accumulator 409
20/10/05 15:36:39 INFO ContextCleaner: Cleaned accumulator 182
20/10/05 15:36:39 INFO ContextCleaner: Cleaned accumulator 141
20/10/05 15:36:39 INFO BlockManagerInfo: Removed broadcast_2_piece0 on 127.0.0.1:55348 in memory (size: 3.9 KB, free: 912.2 MB)
20/10/05 15:36:39 INFO ContextCleaner: Cleaned accumulator 353
20/10/05 15:36:39 INFO ContextCleaner: Cleaned accumulator 145
20/10/05 15:36:39 INFO ContextCleaner: Cleaned accumulator 151
20/10/05 15:36:39 INFO ContextCleaner: Cleaned accumulator 45
20/10/05 15:36:39 INFO ContextCleaner: Cleaned accumulator 361
20/10/05 15:36:39 INFO ContextCleaner: Cleaned accumulator 113
20/10/05 15:36:39 INFO ContextCleaner: Cleaned accumulator 72
20/10/05 15:36:39 INFO ContextCleaner: Cleaned accumulator 80
20/10/05 15:36:39 INFO ContextCleaner: Cleaned accumulator 364
20/10/05 15:36:39 INFO ContextCleaner: Cleaned accumulator 91
20/10/05 15:36:39 INFO ContextCleaner: Cleaned accumulator 389
20/10/05 15:36:39 INFO ContextCleaner: Cleaned accumulator 307
20/10/05 15:36:39 INFO ContextCleaner: Cleaned accumulator 312
20/10/05 15:36:39 INFO ContextCleaner: Cleaned accumulator 273
20/10/05 15:36:39 INFO ContextCleaner: Cleaned accumulator 299
20/10/05 15:36:39 INFO ContextCleaner: Cleaned accumulator 69
20/10/05 15:36:39 INFO ContextCleaner: Cleaned accumulator 66
20/10/05 15:36:39 INFO ContextCleaner: Cleaned accumulator 138
20/10/05 15:36:39 INFO BlockManagerInfo: Removed broadcast_6_piece0 on 127.0.0.1:55348 in memory (size: 4.2 KB, free: 912.2 MB)
20/10/05 15:36:39 INFO ContextCleaner: Cleaned accumulator 251
20/10/05 15:36:39 INFO ContextCleaner: Cleaned accumulator 235
20/10/05 15:36:39 INFO ContextCleaner: Cleaned accumulator 303
20/10/05 15:36:39 INFO ContextCleaner: Cleaned accumulator 201
20/10/05 15:36:39 INFO ContextCleaner: Cleaned accumulator 311
20/10/05 15:36:39 INFO ContextCleaner: Cleaned accumulator 392
20/10/05 15:36:39 INFO ContextCleaner: Cleaned accumulator 206
20/10/05 15:36:39 INFO ContextCleaner: Cleaned accumulator 414
20/10/05 15:36:39 INFO ContextCleaner: Cleaned accumulator 98
20/10/05 15:36:39 INFO ContextCleaner: Cleaned accumulator 165
20/10/05 15:36:39 INFO ContextCleaner: Cleaned accumulator 79
20/10/05 15:36:39 INFO ContextCleaner: Cleaned accumulator 322
20/10/05 15:36:39 INFO ContextCleaner: Cleaned accumulator 118
20/10/05 15:36:39 INFO ContextCleaner: Cleaned accumulator 343
20/10/05 15:36:39 INFO ContextCleaner: Cleaned accumulator 384
20/10/05 15:36:39 INFO ContextCleaner: Cleaned accumulator 267
20/10/05 15:36:39 INFO ContextCleaner: Cleaned accumulator 290
20/10/05 15:36:39 INFO ContextCleaner: Cleaned accumulator 210
20/10/05 15:36:39 INFO ContextCleaner: Cleaned accumulator 194
20/10/05 15:36:39 INFO ContextCleaner: Cleaned accumulator 129
20/10/05 15:36:39 INFO ContextCleaner: Cleaned accumulator 147
20/10/05 15:36:39 INFO ContextCleaner: Cleaned accumulator 323
20/10/05 15:36:39 INFO ContextCleaner: Cleaned accumulator 205
20/10/05 15:36:39 INFO ContextCleaner: Cleaned accumulator 99
20/10/05 15:36:39 INFO ContextCleaner: Cleaned accumulator 172
20/10/05 15:36:39 INFO ContextCleaner: Cleaned accumulator 229
20/10/05 15:36:39 INFO ContextCleaner: Cleaned accumulator 272
20/10/05 15:36:39 INFO ContextCleaner: Cleaned accumulator 372
20/10/05 15:36:39 INFO ContextCleaner: Cleaned accumulator 200
20/10/05 15:36:39 INFO ContextCleaner: Cleaned accumulator 306
20/10/05 15:36:39 INFO ContextCleaner: Cleaned accumulator 175
20/10/05 15:36:39 INFO ContextCleaner: Cleaned accumulator 388
20/10/05 15:36:39 INFO ContextCleaner: Cleaned accumulator 258
20/10/05 15:36:39 INFO ContextCleaner: Cleaned accumulator 195
20/10/05 15:36:39 INFO ContextCleaner: Cleaned accumulator 60
20/10/05 15:36:39 INFO ContextCleaner: Cleaned accumulator 54
20/10/05 15:36:39 INFO ContextCleaner: Cleaned accumulator 227
20/10/05 15:36:39 INFO ContextCleaner: Cleaned accumulator 349
20/10/05 15:36:39 INFO ContextCleaner: Cleaned accumulator 396
20/10/05 15:36:39 INFO BlockManagerInfo: Removed broadcast_12_piece0 on 127.0.0.1:55348 in memory (size: 3.9 KB, free: 912.2 MB)
20/10/05 15:36:39 INFO ContextCleaner: Cleaned accumulator 168
20/10/05 15:36:39 INFO ContextCleaner: Cleaned accumulator 335
20/10/05 15:36:39 INFO ContextCleaner: Cleaned accumulator 63
20/10/05 15:36:39 INFO ContextCleaner: Cleaned accumulator 68
20/10/05 15:36:39 INFO ContextCleaner: Cleaned accumulator 248
20/10/05 15:36:39 INFO ContextCleaner: Cleaned accumulator 347
20/10/05 15:36:39 INFO ContextCleaner: Cleaned accumulator 166
20/10/05 15:36:39 INFO ContextCleaner: Cleaned accumulator 373
20/10/05 15:36:39 INFO ContextCleaner: Cleaned accumulator 139
20/10/05 15:36:39 INFO ContextCleaner: Cleaned accumulator 239
20/10/05 15:36:39 INFO ContextCleaner: Cleaned accumulator 355
20/10/05 15:36:39 INFO ContextCleaner: Cleaned accumulator 61
20/10/05 15:36:39 INFO ContextCleaner: Cleaned accumulator 399
20/10/05 15:36:39 INFO ContextCleaner: Cleaned accumulator 225
20/10/05 15:36:39 INFO ContextCleaner: Cleaned accumulator 183
20/10/05 15:36:39 INFO ContextCleaner: Cleaned accumulator 334
20/10/05 15:36:39 INFO ContextCleaner: Cleaned accumulator 48
20/10/05 15:36:39 INFO ContextCleaner: Cleaned accumulator 173
20/10/05 15:36:39 INFO ContextCleaner: Cleaned accumulator 365
20/10/05 15:36:39 INFO ContextCleaner: Cleaned accumulator 284
20/10/05 15:36:39 INFO ContextCleaner: Cleaned accumulator 103
20/10/05 15:36:39 INFO ContextCleaner: Cleaned accumulator 153
20/10/05 15:36:39 INFO ContextCleaner: Cleaned accumulator 135
20/10/05 15:36:39 INFO ContextCleaner: Cleaned accumulator 387
20/10/05 15:36:39 INFO ContextCleaner: Cleaned accumulator 100
20/10/05 15:36:39 INFO ContextCleaner: Cleaned accumulator 394
20/10/05 15:36:39 INFO ContextCleaner: Cleaned shuffle 4
20/10/05 15:36:39 INFO ContextCleaner: Cleaned accumulator 81
20/10/05 15:36:39 INFO ContextCleaner: Cleaned accumulator 131
20/10/05 15:36:39 INFO ContextCleaner: Cleaned accumulator 220
20/10/05 15:36:39 INFO ContextCleaner: Cleaned accumulator 383
20/10/05 15:36:39 INFO ContextCleaner: Cleaned accumulator 143
20/10/05 15:36:39 INFO ContextCleaner: Cleaned accumulator 71
20/10/05 15:36:39 INFO ContextCleaner: Cleaned accumulator 415
20/10/05 15:36:39 INFO ContextCleaner: Cleaned accumulator 410
20/10/05 15:36:39 INFO ContextCleaner: Cleaned accumulator 255
20/10/05 15:36:39 INFO ContextCleaner: Cleaned accumulator 154
20/10/05 15:36:39 INFO ContextCleaner: Cleaned accumulator 65
20/10/05 15:36:39 INFO ContextCleaner: Cleaned accumulator 269
20/10/05 15:36:39 INFO ContextCleaner: Cleaned accumulator 52
20/10/05 15:36:39 INFO ContextCleaner: Cleaned accumulator 174
20/10/05 15:36:39 INFO ContextCleaner: Cleaned accumulator 380
20/10/05 15:36:39 INFO ContextCleaner: Cleaned accumulator 275
20/10/05 15:36:39 INFO ContextCleaner: Cleaned accumulator 368
20/10/05 15:36:39 INFO ContextCleaner: Cleaned accumulator 418
20/10/05 15:36:39 INFO ContextCleaner: Cleaned accumulator 121
20/10/05 15:36:39 INFO ContextCleaner: Cleaned accumulator 285
20/10/05 15:36:39 INFO ContextCleaner: Cleaned accumulator 421
20/10/05 15:36:39 INFO ContextCleaner: Cleaned accumulator 230
20/10/05 15:36:39 INFO ContextCleaner: Cleaned accumulator 127
20/10/05 15:36:39 INFO ContextCleaner: Cleaned accumulator 345
20/10/05 15:36:39 INFO ContextCleaner: Cleaned accumulator 191
20/10/05 15:36:39 INFO ContextCleaner: Cleaned accumulator 260
20/10/05 15:36:39 INFO ContextCleaner: Cleaned accumulator 85
20/10/05 15:36:39 INFO ContextCleaner: Cleaned accumulator 250
20/10/05 15:36:39 INFO ContextCleaner: Cleaned accumulator 422
20/10/05 15:36:39 INFO ContextCleaner: Cleaned accumulator 176
20/10/05 15:36:39 INFO ContextCleaner: Cleaned accumulator 309
20/10/05 15:36:39 INFO BlockManagerInfo: Removed broadcast_4_piece0 on 127.0.0.1:55348 in memory (size: 3.9 KB, free: 912.2 MB)
20/10/05 15:36:39 INFO ContextCleaner: Cleaned accumulator 162
20/10/05 15:36:39 INFO ContextCleaner: Cleaned accumulator 167
20/10/05 15:36:39 INFO ContextCleaner: Cleaned accumulator 338
20/10/05 15:36:39 INFO ContextCleaner: Cleaned accumulator 87
20/10/05 15:36:39 INFO ContextCleaner: Cleaned accumulator 404
20/10/05 15:36:39 INFO BlockManagerInfo: Removed broadcast_7_piece0 on 127.0.0.1:55348 in memory (size: 9.5 KB, free: 912.3 MB)
20/10/05 15:36:39 INFO ContextCleaner: Cleaned accumulator 115
20/10/05 15:36:39 INFO ContextCleaner: Cleaned accumulator 83
20/10/05 15:36:39 INFO ContextCleaner: Cleaned accumulator 59
20/10/05 15:36:39 INFO ContextCleaner: Cleaned accumulator 289
20/10/05 15:36:39 INFO ContextCleaner: Cleaned accumulator 342
20/10/05 15:36:39 INFO ContextCleaner: Cleaned accumulator 179
20/10/05 15:36:39 INFO ContextCleaner: Cleaned accumulator 126
20/10/05 15:36:39 INFO ContextCleaner: Cleaned accumulator 155
20/10/05 15:36:39 INFO ContextCleaner: Cleaned accumulator 137
20/10/05 15:36:39 INFO ContextCleaner: Cleaned accumulator 104
20/10/05 15:36:39 INFO ContextCleaner: Cleaned accumulator 351
20/10/05 15:36:39 INFO ContextCleaner: Cleaned accumulator 95
20/10/05 15:36:39 INFO ContextCleaner: Cleaned accumulator 243
20/10/05 15:36:39 INFO ContextCleaner: Cleaned accumulator 271
20/10/05 15:36:39 INFO ContextCleaner: Cleaned accumulator 112
20/10/05 15:36:39 INFO ContextCleaner: Cleaned accumulator 386
20/10/05 15:36:39 INFO ContextCleaner: Cleaned accumulator 375
20/10/05 15:36:39 INFO ContextCleaner: Cleaned accumulator 241
20/10/05 15:36:39 INFO ContextCleaner: Cleaned accumulator 190
20/10/05 15:36:39 INFO BlockManagerInfo: Removed broadcast_8_piece0 on 127.0.0.1:55348 in memory (size: 10.0 KB, free: 912.3 MB)
20/10/05 15:36:39 INFO ContextCleaner: Cleaned accumulator 360
20/10/05 15:36:39 INFO ContextCleaner: Cleaned accumulator 265
20/10/05 15:36:39 INFO ContextCleaner: Cleaned accumulator 215
20/10/05 15:36:39 INFO ContextCleaner: Cleaned accumulator 363
20/10/05 15:36:39 INFO ContextCleaner: Cleaned accumulator 187
20/10/05 15:36:39 INFO ContextCleaner: Cleaned accumulator 398
20/10/05 15:36:39 INFO BlockManagerInfo: Removed broadcast_11_piece0 on 127.0.0.1:55348 in memory (size: 4.3 KB, free: 912.3 MB)
20/10/05 15:36:39 INFO ContextCleaner: Cleaned accumulator 412
20/10/05 15:36:39 INFO ContextCleaner: Cleaned accumulator 283
20/10/05 15:36:39 INFO ContextCleaner: Cleaned accumulator 192
20/10/05 15:36:39 INFO ContextCleaner: Cleaned accumulator 119
20/10/05 15:36:39 INFO ContextCleaner: Cleaned accumulator 228
20/10/05 15:36:39 INFO ContextCleaner: Cleaned accumulator 292
20/10/05 15:36:39 INFO ContextCleaner: Cleaned accumulator 286
20/10/05 15:36:39 INFO ContextCleaner: Cleaned accumulator 55
20/10/05 15:36:39 INFO ContextCleaner: Cleaned accumulator 218
20/10/05 15:36:39 INFO ContextCleaner: Cleaned accumulator 382
20/10/05 15:36:39 INFO ContextCleaner: Cleaned accumulator 238
20/10/05 15:36:39 INFO ContextCleaner: Cleaned accumulator 313
20/10/05 15:36:39 INFO ContextCleaner: Cleaned accumulator 402
20/10/05 15:36:39 INFO BlockManagerInfo: Removed broadcast_3_piece0 on 127.0.0.1:55348 in memory (size: 9.9 KB, free: 912.3 MB)
20/10/05 15:36:39 INFO ContextCleaner: Cleaned accumulator 237
20/10/05 15:36:39 INFO ContextCleaner: Cleaned accumulator 257
20/10/05 15:36:39 INFO ContextCleaner: Cleaned accumulator 116
20/10/05 15:36:39 INFO ContextCleaner: Cleaned accumulator 366
20/10/05 15:36:39 INFO ContextCleaner: Cleaned accumulator 348
20/10/05 15:36:39 INFO ContextCleaner: Cleaned accumulator 161
20/10/05 15:36:39 INFO ContextCleaner: Cleaned accumulator 188
20/10/05 15:36:39 INFO BlockManagerInfo: Removed broadcast_9_piece0 on 127.0.0.1:55348 in memory (size: 4.3 KB, free: 912.3 MB)
20/10/05 15:36:39 INFO SparkContext: Starting job: count at utils.scala:114
20/10/05 15:36:39 INFO ContextCleaner: Cleaned accumulator 211
20/10/05 15:36:39 INFO ContextCleaner: Cleaned accumulator 330
20/10/05 15:36:39 INFO ContextCleaner: Cleaned accumulator 357
20/10/05 15:36:39 INFO DAGScheduler: Registering RDD 63 (count at utils.scala:114)
20/10/05 15:36:39 INFO ContextCleaner: Cleaned shuffle 1
20/10/05 15:36:39 INFO ContextCleaner: Cleaned accumulator 240
20/10/05 15:36:39 INFO DAGScheduler: Got job 8 (count at utils.scala:114) with 1 output partitions
20/10/05 15:36:39 INFO ContextCleaner: Cleaned accumulator 111
20/10/05 15:36:39 INFO DAGScheduler: Final stage: ResultStage 14 (count at utils.scala:114)
20/10/05 15:36:39 INFO ContextCleaner: Cleaned accumulator 108
20/10/05 15:36:39 INFO ContextCleaner: Cleaned accumulator 242
20/10/05 15:36:39 INFO DAGScheduler: Parents of final stage: List(ShuffleMapStage 13)
20/10/05 15:36:39 INFO ContextCleaner: Cleaned accumulator 324
20/10/05 15:36:39 INFO ContextCleaner: Cleaned accumulator 254
20/10/05 15:36:39 INFO DAGScheduler: Missing parents: List(ShuffleMapStage 13)
20/10/05 15:36:39 INFO ContextCleaner: Cleaned accumulator 222
20/10/05 15:36:39 INFO ContextCleaner: Cleaned accumulator 209
20/10/05 15:36:39 INFO ContextCleaner: Cleaned accumulator 340
20/10/05 15:36:39 INFO ContextCleaner: Cleaned accumulator 140
20/10/05 15:36:39 INFO ContextCleaner: Cleaned accumulator 234
20/10/05 15:36:39 INFO ContextCleaner: Cleaned accumulator 203
20/10/05 15:36:39 INFO ContextCleaner: Cleaned accumulator 75
20/10/05 15:36:39 INFO ContextCleaner: Cleaned accumulator 362
20/10/05 15:36:39 INFO ContextCleaner: Cleaned accumulator 352
20/10/05 15:36:39 INFO DAGScheduler: Submitting ShuffleMapStage 13 (MapPartitionsRDD[63] at count at utils.scala:114), which has no missing parents
20/10/05 15:36:39 INFO ContextCleaner: Cleaned accumulator 142
20/10/05 15:36:39 INFO ContextCleaner: Cleaned accumulator 314
20/10/05 15:36:39 INFO ContextCleaner: Cleaned accumulator 279
20/10/05 15:36:39 INFO ContextCleaner: Cleaned accumulator 374
20/10/05 15:36:39 INFO ContextCleaner: Cleaned accumulator 134
20/10/05 15:36:39 INFO ContextCleaner: Cleaned accumulator 84
20/10/05 15:36:39 INFO ContextCleaner: Cleaned accumulator 344
20/10/05 15:36:39 INFO ContextCleaner: Cleaned accumulator 101
20/10/05 15:36:39 INFO ContextCleaner: Cleaned accumulator 89
20/10/05 15:36:39 INFO ContextCleaner: Cleaned accumulator 423
20/10/05 15:36:39 INFO ContextCleaner: Cleaned accumulator 124
20/10/05 15:36:39 INFO ContextCleaner: Cleaned accumulator 102
20/10/05 15:36:39 INFO ContextCleaner: Cleaned accumulator 223
20/10/05 15:36:39 INFO ContextCleaner: Cleaned accumulator 256
20/10/05 15:36:39 INFO ContextCleaner: Cleaned accumulator 296
20/10/05 15:36:39 INFO ContextCleaner: Cleaned accumulator 291
20/10/05 15:36:39 INFO ContextCleaner: Cleaned accumulator 94
20/10/05 15:36:39 INFO ContextCleaner: Cleaned accumulator 381
20/10/05 15:36:39 INFO ContextCleaner: Cleaned accumulator 196
20/10/05 15:36:39 INFO ContextCleaner: Cleaned shuffle 3
20/10/05 15:36:39 INFO ContextCleaner: Cleaned accumulator 395
20/10/05 15:36:39 INFO ContextCleaner: Cleaned accumulator 318
20/10/05 15:36:39 INFO ContextCleaner: Cleaned accumulator 419
20/10/05 15:36:39 INFO ContextCleaner: Cleaned accumulator 189
20/10/05 15:36:39 INFO ContextCleaner: Cleaned accumulator 300
20/10/05 15:36:39 INFO ContextCleaner: Cleaned accumulator 159
20/10/05 15:36:39 INFO ContextCleaner: Cleaned accumulator 233
20/10/05 15:36:39 INFO ContextCleaner: Cleaned accumulator 420
20/10/05 15:36:39 INFO ContextCleaner: Cleaned accumulator 341
20/10/05 15:36:39 INFO ContextCleaner: Cleaned accumulator 199
20/10/05 15:36:39 INFO ContextCleaner: Cleaned accumulator 178
20/10/05 15:36:39 INFO ContextCleaner: Cleaned accumulator 49
20/10/05 15:36:39 INFO ContextCleaner: Cleaned accumulator 106
20/10/05 15:36:39 INFO ContextCleaner: Cleaned accumulator 150
20/10/05 15:36:39 INFO ContextCleaner: Cleaned accumulator 133
20/10/05 15:36:39 INFO ContextCleaner: Cleaned accumulator 76
20/10/05 15:36:39 INFO ContextCleaner: Cleaned accumulator 136
20/10/05 15:36:39 INFO ContextCleaner: Cleaned accumulator 148
20/10/05 15:36:39 INFO ContextCleaner: Cleaned accumulator 329
20/10/05 15:36:39 INFO ContextCleaner: Cleaned accumulator 185
20/10/05 15:36:39 INFO ContextCleaner: Cleaned accumulator 208
20/10/05 15:36:39 INFO ContextCleaner: Cleaned accumulator 123
20/10/05 15:36:39 INFO ContextCleaner: Cleaned accumulator 377
20/10/05 15:36:39 INFO ContextCleaner: Cleaned accumulator 122
20/10/05 15:36:39 INFO ContextCleaner: Cleaned accumulator 56
20/10/05 15:36:39 INFO ContextCleaner: Cleaned accumulator 261
20/10/05 15:36:39 INFO MemoryStore: Block broadcast_13 stored as values in memory (estimated size 8.3 KB, free 912.3 MB)
20/10/05 15:36:39 INFO ContextCleaner: Cleaned accumulator 64
20/10/05 15:36:39 INFO ContextCleaner: Cleaned accumulator 128
20/10/05 15:36:39 INFO ContextCleaner: Cleaned accumulator 198
20/10/05 15:36:39 INFO ContextCleaner: Cleaned accumulator 204
20/10/05 15:36:39 INFO ContextCleaner: Cleaned accumulator 88
20/10/05 15:36:39 INFO ContextCleaner: Cleaned accumulator 221
20/10/05 15:36:39 INFO ContextCleaner: Cleaned accumulator 339
20/10/05 15:36:39 INFO ContextCleaner: Cleaned accumulator 125
20/10/05 15:36:39 INFO ContextCleaner: Cleaned accumulator 277
20/10/05 15:36:39 INFO ContextCleaner: Cleaned accumulator 295
20/10/05 15:36:39 INFO ContextCleaner: Cleaned accumulator 193
20/10/05 15:36:39 INFO ContextCleaner: Cleaned accumulator 96
20/10/05 15:36:39 INFO MemoryStore: Block broadcast_13_piece0 stored as bytes in memory (estimated size 4.3 KB, free 912.3 MB)
20/10/05 15:36:39 INFO BlockManagerInfo: Removed broadcast_1_piece0 on 127.0.0.1:55348 in memory (size: 9.9 KB, free: 912.3 MB)
20/10/05 15:36:39 INFO ContextCleaner: Cleaned accumulator 326
20/10/05 15:36:39 INFO ContextCleaner: Cleaned accumulator 305
20/10/05 15:36:39 INFO ContextCleaner: Cleaned accumulator 268
20/10/05 15:36:39 INFO BlockManagerInfo: Added broadcast_13_piece0 in memory on 127.0.0.1:55348 (size: 4.3 KB, free: 912.3 MB)
20/10/05 15:36:39 INFO ContextCleaner: Cleaned accumulator 186
20/10/05 15:36:39 INFO ContextCleaner: Cleaned accumulator 259
20/10/05 15:36:39 INFO ContextCleaner: Cleaned accumulator 152
20/10/05 15:36:39 INFO ContextCleaner: Cleaned accumulator 367
20/10/05 15:36:39 INFO ContextCleaner: Cleaned accumulator 77
20/10/05 15:36:39 INFO ContextCleaner: Cleaned accumulator 219
20/10/05 15:36:39 INFO ContextCleaner: Cleaned accumulator 212
20/10/05 15:36:39 INFO ContextCleaner: Cleaned accumulator 92
20/10/05 15:36:39 INFO ContextCleaner: Cleaned accumulator 327
20/10/05 15:36:39 INFO ContextCleaner: Cleaned accumulator 50
20/10/05 15:36:39 INFO SparkContext: Created broadcast 13 from broadcast at DAGScheduler.scala:1039
20/10/05 15:36:39 INFO ContextCleaner: Cleaned accumulator 264
20/10/05 15:36:39 INFO ContextCleaner: Cleaned accumulator 244
20/10/05 15:36:39 INFO ContextCleaner: Cleaned accumulator 246
20/10/05 15:36:39 INFO ContextCleaner: Cleaned accumulator 181
20/10/05 15:36:39 INFO ContextCleaner: Cleaned accumulator 328
20/10/05 15:36:39 INFO ContextCleaner: Cleaned accumulator 158
20/10/05 15:36:39 INFO ContextCleaner: Cleaned accumulator 320
20/10/05 15:36:39 INFO ContextCleaner: Cleaned accumulator 107
20/10/05 15:36:39 INFO ContextCleaner: Cleaned accumulator 164
20/10/05 15:36:39 INFO ContextCleaner: Cleaned accumulator 67
20/10/05 15:36:39 INFO ContextCleaner: Cleaned accumulator 51
20/10/05 15:36:39 INFO DAGScheduler: Submitting 1 missing tasks from ShuffleMapStage 13 (MapPartitionsRDD[63] at count at utils.scala:114) (first 15 tasks are for partitions Vector(0))
20/10/05 15:36:39 INFO ContextCleaner: Cleaned accumulator 132
20/10/05 15:36:39 INFO TaskSchedulerImpl: Adding task set 13.0 with 1 tasks
20/10/05 15:36:39 INFO ContextCleaner: Cleaned accumulator 333
20/10/05 15:36:39 INFO ContextCleaner: Cleaned accumulator 297
20/10/05 15:36:39 INFO ContextCleaner: Cleaned accumulator 82
20/10/05 15:36:39 INFO ContextCleaner: Cleaned accumulator 247
20/10/05 15:36:39 INFO ContextCleaner: Cleaned accumulator 401
20/10/05 15:36:39 INFO ContextCleaner: Cleaned accumulator 354
20/10/05 15:36:39 INFO ContextCleaner: Cleaned accumulator 346
20/10/05 15:36:39 INFO TaskSetManager: Starting task 0.0 in stage 13.0 (TID 13, localhost, executor driver, partition 0, PROCESS_LOCAL, 8004 bytes)
20/10/05 15:36:39 INFO Executor: Running task 0.0 in stage 13.0 (TID 13)
20/10/05 15:36:39 INFO Executor: Finished task 0.0 in stage 13.0 (TID 13). 1370 bytes result sent to driver
20/10/05 15:36:39 INFO TaskSetManager: Finished task 0.0 in stage 13.0 (TID 13) in 8 ms on localhost (executor driver) (1/1)
20/10/05 15:36:39 INFO TaskSchedulerImpl: Removed TaskSet 13.0, whose tasks have all completed, from pool 
20/10/05 15:36:39 INFO DAGScheduler: ShuffleMapStage 13 (count at utils.scala:114) finished in 0,016 s
20/10/05 15:36:39 INFO DAGScheduler: looking for newly runnable stages
20/10/05 15:36:39 INFO DAGScheduler: running: Set()
20/10/05 15:36:39 INFO DAGScheduler: waiting: Set(ResultStage 14)
20/10/05 15:36:39 INFO DAGScheduler: failed: Set()
20/10/05 15:36:39 INFO DAGScheduler: Submitting ResultStage 14 (MapPartitionsRDD[66] at count at utils.scala:114), which has no missing parents
20/10/05 15:36:39 INFO MemoryStore: Block broadcast_14 stored as values in memory (estimated size 7.5 KB, free 912.3 MB)
20/10/05 15:36:39 INFO MemoryStore: Block broadcast_14_piece0 stored as bytes in memory (estimated size 3.9 KB, free 912.3 MB)
20/10/05 15:36:39 INFO BlockManagerInfo: Added broadcast_14_piece0 in memory on 127.0.0.1:55348 (size: 3.9 KB, free: 912.3 MB)
20/10/05 15:36:39 INFO SparkContext: Created broadcast 14 from broadcast at DAGScheduler.scala:1039
20/10/05 15:36:39 INFO DAGScheduler: Submitting 1 missing tasks from ResultStage 14 (MapPartitionsRDD[66] at count at utils.scala:114) (first 15 tasks are for partitions Vector(0))
20/10/05 15:36:39 INFO TaskSchedulerImpl: Adding task set 14.0 with 1 tasks
20/10/05 15:36:39 INFO TaskSetManager: Starting task 0.0 in stage 14.0 (TID 14, localhost, executor driver, partition 0, ANY, 7754 bytes)
20/10/05 15:36:39 INFO Executor: Running task 0.0 in stage 14.0 (TID 14)
20/10/05 15:36:39 INFO ShuffleBlockFetcherIterator: Getting 1 non-empty blocks out of 1 blocks
20/10/05 15:36:39 INFO ShuffleBlockFetcherIterator: Started 0 remote fetches in 0 ms
20/10/05 15:36:39 INFO Executor: Finished task 0.0 in stage 14.0 (TID 14). 1696 bytes result sent to driver
20/10/05 15:36:39 INFO TaskSetManager: Finished task 0.0 in stage 14.0 (TID 14) in 5 ms on localhost (executor driver) (1/1)
20/10/05 15:36:39 INFO TaskSchedulerImpl: Removed TaskSet 14.0, whose tasks have all completed, from pool 
20/10/05 15:36:39 INFO DAGScheduler: ResultStage 14 (count at utils.scala:114) finished in 0,012 s
20/10/05 15:36:39 INFO DAGScheduler: Job 8 finished: count at utils.scala:114, took 0,032072 s
20/10/05 15:36:39 INFO HiveMetaStore: 0: get_database: default
20/10/05 15:36:39 INFO audit: ugi=luigi	ip=unknown-ip-addr	cmd=get_database: default	
20/10/05 15:36:39 INFO HiveMetaStore: 0: get_database: default
20/10/05 15:36:39 INFO audit: ugi=luigi	ip=unknown-ip-addr	cmd=get_database: default	
20/10/05 15:36:39 INFO HiveMetaStore: 0: get_tables: db=default pat=*
20/10/05 15:36:39 INFO audit: ugi=luigi	ip=unknown-ip-addr	cmd=get_tables: db=default pat=*	
20/10/05 15:36:39 INFO SparkContext: Starting job: count at utils.scala:114
20/10/05 15:36:39 INFO DAGScheduler: Registering RDD 70 (count at utils.scala:114)
20/10/05 15:36:39 INFO DAGScheduler: Got job 9 (count at utils.scala:114) with 1 output partitions
20/10/05 15:36:39 INFO DAGScheduler: Final stage: ResultStage 16 (count at utils.scala:114)
20/10/05 15:36:39 INFO DAGScheduler: Parents of final stage: List(ShuffleMapStage 15)
20/10/05 15:36:39 INFO DAGScheduler: Missing parents: List(ShuffleMapStage 15)
20/10/05 15:36:39 INFO DAGScheduler: Submitting ShuffleMapStage 15 (MapPartitionsRDD[70] at count at utils.scala:114), which has no missing parents
20/10/05 15:36:39 INFO MemoryStore: Block broadcast_15 stored as values in memory (estimated size 8.3 KB, free 912.3 MB)
20/10/05 15:36:39 INFO MemoryStore: Block broadcast_15_piece0 stored as bytes in memory (estimated size 4.3 KB, free 912.3 MB)
20/10/05 15:36:39 INFO BlockManagerInfo: Added broadcast_15_piece0 in memory on 127.0.0.1:55348 (size: 4.3 KB, free: 912.3 MB)
20/10/05 15:36:39 INFO SparkContext: Created broadcast 15 from broadcast at DAGScheduler.scala:1039
20/10/05 15:36:39 INFO DAGScheduler: Submitting 1 missing tasks from ShuffleMapStage 15 (MapPartitionsRDD[70] at count at utils.scala:114) (first 15 tasks are for partitions Vector(0))
20/10/05 15:36:39 INFO TaskSchedulerImpl: Adding task set 15.0 with 1 tasks
20/10/05 15:36:39 INFO TaskSetManager: Starting task 0.0 in stage 15.0 (TID 15, localhost, executor driver, partition 0, PROCESS_LOCAL, 8004 bytes)
20/10/05 15:36:39 INFO Executor: Running task 0.0 in stage 15.0 (TID 15)
20/10/05 15:36:39 INFO Executor: Finished task 0.0 in stage 15.0 (TID 15). 1456 bytes result sent to driver
20/10/05 15:36:39 INFO TaskSetManager: Finished task 0.0 in stage 15.0 (TID 15) in 7 ms on localhost (executor driver) (1/1)
20/10/05 15:36:39 INFO TaskSchedulerImpl: Removed TaskSet 15.0, whose tasks have all completed, from pool 
20/10/05 15:36:39 INFO DAGScheduler: ShuffleMapStage 15 (count at utils.scala:114) finished in 0,014 s
20/10/05 15:36:39 INFO DAGScheduler: looking for newly runnable stages
20/10/05 15:36:39 INFO DAGScheduler: running: Set()
20/10/05 15:36:39 INFO DAGScheduler: waiting: Set(ResultStage 16)
20/10/05 15:36:39 INFO DAGScheduler: failed: Set()
20/10/05 15:36:39 INFO DAGScheduler: Submitting ResultStage 16 (MapPartitionsRDD[73] at count at utils.scala:114), which has no missing parents
20/10/05 15:36:40 INFO MemoryStore: Block broadcast_16 stored as values in memory (estimated size 7.5 KB, free 912.3 MB)
20/10/05 15:36:40 INFO MemoryStore: Block broadcast_16_piece0 stored as bytes in memory (estimated size 3.9 KB, free 912.2 MB)
20/10/05 15:36:40 INFO BlockManagerInfo: Added broadcast_16_piece0 in memory on 127.0.0.1:55348 (size: 3.9 KB, free: 912.3 MB)
20/10/05 15:36:40 INFO SparkContext: Created broadcast 16 from broadcast at DAGScheduler.scala:1039
20/10/05 15:36:40 INFO DAGScheduler: Submitting 1 missing tasks from ResultStage 16 (MapPartitionsRDD[73] at count at utils.scala:114) (first 15 tasks are for partitions Vector(0))
20/10/05 15:36:40 INFO TaskSchedulerImpl: Adding task set 16.0 with 1 tasks
20/10/05 15:36:40 INFO TaskSetManager: Starting task 0.0 in stage 16.0 (TID 16, localhost, executor driver, partition 0, ANY, 7754 bytes)
20/10/05 15:36:40 INFO Executor: Running task 0.0 in stage 16.0 (TID 16)
20/10/05 15:36:40 INFO ShuffleBlockFetcherIterator: Getting 1 non-empty blocks out of 1 blocks
20/10/05 15:36:40 INFO ShuffleBlockFetcherIterator: Started 0 remote fetches in 0 ms
20/10/05 15:36:40 INFO Executor: Finished task 0.0 in stage 16.0 (TID 16). 1696 bytes result sent to driver
20/10/05 15:36:40 INFO TaskSetManager: Finished task 0.0 in stage 16.0 (TID 16) in 4 ms on localhost (executor driver) (1/1)
20/10/05 15:36:40 INFO TaskSchedulerImpl: Removed TaskSet 16.0, whose tasks have all completed, from pool 
20/10/05 15:36:40 INFO DAGScheduler: ResultStage 16 (count at utils.scala:114) finished in 0,008 s
20/10/05 15:36:40 INFO DAGScheduler: Job 9 finished: count at utils.scala:114, took 0,024836 s
20/10/05 15:37:37 INFO HiveMetaStore: 0: get_database: default
20/10/05 15:37:37 INFO audit: ugi=luigi	ip=unknown-ip-addr	cmd=get_database: default	
20/10/05 15:37:37 INFO HiveMetaStore: 0: get_database: default
20/10/05 15:37:37 INFO audit: ugi=luigi	ip=unknown-ip-addr	cmd=get_database: default	
20/10/05 15:37:37 INFO HiveMetaStore: 0: get_tables: db=default pat=*
20/10/05 15:37:37 INFO audit: ugi=luigi	ip=unknown-ip-addr	cmd=get_tables: db=default pat=*	
20/10/05 15:37:37 INFO SparkContext: Starting job: collect at utils.scala:44
20/10/05 15:37:37 INFO DAGScheduler: Got job 10 (collect at utils.scala:44) with 1 output partitions
20/10/05 15:37:37 INFO DAGScheduler: Final stage: ResultStage 17 (collect at utils.scala:44)
20/10/05 15:37:37 INFO DAGScheduler: Parents of final stage: List()
20/10/05 15:37:37 INFO DAGScheduler: Missing parents: List()
20/10/05 15:37:37 INFO DAGScheduler: Submitting ResultStage 17 (MapPartitionsRDD[78] at map at utils.scala:41), which has no missing parents
20/10/05 15:37:37 INFO MemoryStore: Block broadcast_17 stored as values in memory (estimated size 6.0 KB, free 912.2 MB)
20/10/05 15:37:37 INFO MemoryStore: Block broadcast_17_piece0 stored as bytes in memory (estimated size 3.4 KB, free 912.2 MB)
20/10/05 15:37:37 INFO BlockManagerInfo: Added broadcast_17_piece0 in memory on 127.0.0.1:55348 (size: 3.4 KB, free: 912.3 MB)
20/10/05 15:37:37 INFO SparkContext: Created broadcast 17 from broadcast at DAGScheduler.scala:1039
20/10/05 15:37:37 INFO DAGScheduler: Submitting 1 missing tasks from ResultStage 17 (MapPartitionsRDD[78] at map at utils.scala:41) (first 15 tasks are for partitions Vector(0))
20/10/05 15:37:37 INFO TaskSchedulerImpl: Adding task set 17.0 with 1 tasks
20/10/05 15:37:37 INFO TaskSetManager: Starting task 0.0 in stage 17.0 (TID 17, localhost, executor driver, partition 0, PROCESS_LOCAL, 8039 bytes)
20/10/05 15:37:37 INFO Executor: Running task 0.0 in stage 17.0 (TID 17)
20/10/05 15:37:37 INFO Executor: Finished task 0.0 in stage 17.0 (TID 17). 891 bytes result sent to driver
20/10/05 15:37:37 INFO TaskSetManager: Finished task 0.0 in stage 17.0 (TID 17) in 13 ms on localhost (executor driver) (1/1)
20/10/05 15:37:37 INFO TaskSchedulerImpl: Removed TaskSet 17.0, whose tasks have all completed, from pool 
20/10/05 15:37:37 INFO DAGScheduler: ResultStage 17 (collect at utils.scala:44) finished in 0,026 s
20/10/05 15:37:37 INFO DAGScheduler: Job 10 finished: collect at utils.scala:44, took 0,030827 s
20/10/05 16:06:05 INFO ContextCleaner: Cleaned accumulator 531
20/10/05 16:06:05 INFO BlockManagerInfo: Removed broadcast_14_piece0 on 127.0.0.1:55348 in memory (size: 3.9 KB, free: 912.3 MB)
20/10/05 16:06:05 INFO ContextCleaner: Cleaned accumulator 563
20/10/05 16:06:05 INFO ContextCleaner: Cleaned accumulator 454
20/10/05 16:06:05 INFO ContextCleaner: Cleaned accumulator 466
20/10/05 16:06:05 INFO ContextCleaner: Cleaned accumulator 532
20/10/05 16:06:05 INFO ContextCleaner: Cleaned accumulator 552
20/10/05 16:06:05 INFO ContextCleaner: Cleaned accumulator 472
20/10/05 16:06:05 INFO ContextCleaner: Cleaned accumulator 517
20/10/05 16:06:05 INFO ContextCleaner: Cleaned accumulator 477
20/10/05 16:06:05 INFO ContextCleaner: Cleaned accumulator 522
20/10/05 16:06:05 INFO ContextCleaner: Cleaned accumulator 579
20/10/05 16:06:05 INFO ContextCleaner: Cleaned accumulator 543
20/10/05 16:06:05 INFO ContextCleaner: Cleaned accumulator 427
20/10/05 16:06:05 INFO ContextCleaner: Cleaned accumulator 550
20/10/05 16:06:05 INFO ContextCleaner: Cleaned accumulator 539
20/10/05 16:06:05 INFO ContextCleaner: Cleaned accumulator 514
20/10/05 16:06:05 INFO ContextCleaner: Cleaned accumulator 498
20/10/05 16:06:05 INFO ContextCleaner: Cleaned accumulator 439
20/10/05 16:06:05 INFO ContextCleaner: Cleaned accumulator 459
20/10/05 16:06:05 INFO ContextCleaner: Cleaned accumulator 461
20/10/05 16:06:05 INFO ContextCleaner: Cleaned accumulator 476
20/10/05 16:06:05 INFO ContextCleaner: Cleaned accumulator 513
20/10/05 16:06:05 INFO ContextCleaner: Cleaned accumulator 491
20/10/05 16:06:05 INFO ContextCleaner: Cleaned accumulator 560
20/10/05 16:06:05 INFO ContextCleaner: Cleaned accumulator 431
20/10/05 16:06:05 INFO ContextCleaner: Cleaned accumulator 465
20/10/05 16:06:05 INFO ContextCleaner: Cleaned accumulator 445
20/10/05 16:06:05 INFO ContextCleaner: Cleaned accumulator 567
20/10/05 16:06:05 INFO ContextCleaner: Cleaned accumulator 525
20/10/05 16:06:05 INFO ContextCleaner: Cleaned accumulator 458
20/10/05 16:06:05 INFO ContextCleaner: Cleaned accumulator 534
20/10/05 16:06:05 INFO ContextCleaner: Cleaned accumulator 453
20/10/05 16:06:05 INFO ContextCleaner: Cleaned shuffle 6
20/10/05 16:06:05 INFO ContextCleaner: Cleaned accumulator 528
20/10/05 16:06:05 INFO ContextCleaner: Cleaned accumulator 490
20/10/05 16:06:05 INFO ContextCleaner: Cleaned accumulator 564
20/10/05 16:06:05 INFO ContextCleaner: Cleaned accumulator 468
20/10/05 16:06:05 INFO ContextCleaner: Cleaned accumulator 535
20/10/05 16:06:05 INFO ContextCleaner: Cleaned accumulator 428
20/10/05 16:06:05 INFO ContextCleaner: Cleaned accumulator 503
20/10/05 16:06:05 INFO ContextCleaner: Cleaned accumulator 533
20/10/05 16:06:05 INFO ContextCleaner: Cleaned accumulator 429
20/10/05 16:06:05 INFO ContextCleaner: Cleaned accumulator 537
20/10/05 16:06:05 INFO ContextCleaner: Cleaned accumulator 469
20/10/05 16:06:05 INFO ContextCleaner: Cleaned accumulator 508
20/10/05 16:06:05 INFO ContextCleaner: Cleaned accumulator 511
20/10/05 16:06:05 INFO ContextCleaner: Cleaned accumulator 516
20/10/05 16:06:05 INFO ContextCleaner: Cleaned accumulator 570
20/10/05 16:06:05 INFO ContextCleaner: Cleaned accumulator 549
20/10/05 16:06:05 INFO ContextCleaner: Cleaned accumulator 449
20/10/05 16:06:05 INFO ContextCleaner: Cleaned accumulator 442
20/10/05 16:06:05 INFO ContextCleaner: Cleaned accumulator 562
20/10/05 16:06:05 INFO ContextCleaner: Cleaned accumulator 557
20/10/05 16:06:05 INFO ContextCleaner: Cleaned accumulator 519
20/10/05 16:06:05 INFO ContextCleaner: Cleaned accumulator 440
20/10/05 16:06:05 INFO ContextCleaner: Cleaned shuffle 5
20/10/05 16:06:05 INFO ContextCleaner: Cleaned accumulator 571
20/10/05 16:06:05 INFO ContextCleaner: Cleaned accumulator 474
20/10/05 16:06:05 INFO ContextCleaner: Cleaned accumulator 558
20/10/05 16:06:05 INFO BlockManagerInfo: Removed broadcast_16_piece0 on 127.0.0.1:55348 in memory (size: 3.9 KB, free: 912.3 MB)
20/10/05 16:06:05 INFO ContextCleaner: Cleaned accumulator 505
20/10/05 16:06:05 INFO ContextCleaner: Cleaned accumulator 434
20/10/05 16:06:05 INFO ContextCleaner: Cleaned accumulator 473
20/10/05 16:06:05 INFO ContextCleaner: Cleaned accumulator 545
20/10/05 16:06:05 INFO ContextCleaner: Cleaned accumulator 529
20/10/05 16:06:05 INFO ContextCleaner: Cleaned accumulator 541
20/10/05 16:06:05 INFO ContextCleaner: Cleaned accumulator 494
20/10/05 16:06:05 INFO ContextCleaner: Cleaned accumulator 507
20/10/05 16:06:05 INFO ContextCleaner: Cleaned accumulator 448
20/10/05 16:06:05 INFO ContextCleaner: Cleaned accumulator 482
20/10/05 16:06:05 INFO ContextCleaner: Cleaned accumulator 544
20/10/05 16:06:05 INFO ContextCleaner: Cleaned accumulator 436
20/10/05 16:06:05 INFO ContextCleaner: Cleaned accumulator 524
20/10/05 16:06:05 INFO ContextCleaner: Cleaned accumulator 506
20/10/05 16:06:05 INFO ContextCleaner: Cleaned accumulator 437
20/10/05 16:06:05 INFO BlockManagerInfo: Removed broadcast_13_piece0 on 127.0.0.1:55348 in memory (size: 4.3 KB, free: 912.3 MB)
20/10/05 16:06:05 INFO ContextCleaner: Cleaned accumulator 536
20/10/05 16:06:05 INFO ContextCleaner: Cleaned accumulator 565
20/10/05 16:06:05 INFO ContextCleaner: Cleaned accumulator 540
20/10/05 16:06:05 INFO ContextCleaner: Cleaned accumulator 451
20/10/05 16:06:05 INFO ContextCleaner: Cleaned accumulator 452
20/10/05 16:06:05 INFO BlockManagerInfo: Removed broadcast_17_piece0 on 127.0.0.1:55348 in memory (size: 3.4 KB, free: 912.3 MB)
20/10/05 16:06:05 INFO ContextCleaner: Cleaned accumulator 426
20/10/05 16:06:05 INFO ContextCleaner: Cleaned accumulator 424
20/10/05 16:06:05 INFO ContextCleaner: Cleaned accumulator 499
20/10/05 16:06:05 INFO ContextCleaner: Cleaned accumulator 460
20/10/05 16:06:05 INFO ContextCleaner: Cleaned accumulator 488
20/10/05 16:06:05 INFO ContextCleaner: Cleaned accumulator 483
20/10/05 16:06:05 INFO ContextCleaner: Cleaned accumulator 512
20/10/05 16:06:05 INFO ContextCleaner: Cleaned accumulator 546
20/10/05 16:06:05 INFO ContextCleaner: Cleaned accumulator 581
20/10/05 16:06:05 INFO ContextCleaner: Cleaned accumulator 432
20/10/05 16:06:05 INFO ContextCleaner: Cleaned accumulator 464
20/10/05 16:06:05 INFO ContextCleaner: Cleaned accumulator 577
20/10/05 16:06:05 INFO ContextCleaner: Cleaned accumulator 467
20/10/05 16:06:05 INFO ContextCleaner: Cleaned accumulator 500
20/10/05 16:06:05 INFO ContextCleaner: Cleaned accumulator 527
20/10/05 16:06:05 INFO ContextCleaner: Cleaned accumulator 515
20/10/05 16:06:05 INFO ContextCleaner: Cleaned accumulator 520
20/10/05 16:06:05 INFO ContextCleaner: Cleaned accumulator 487
20/10/05 16:06:05 INFO ContextCleaner: Cleaned accumulator 470
20/10/05 16:06:05 INFO ContextCleaner: Cleaned accumulator 497
20/10/05 16:06:05 INFO ContextCleaner: Cleaned accumulator 430
20/10/05 16:06:05 INFO ContextCleaner: Cleaned accumulator 486
20/10/05 16:06:05 INFO BlockManagerInfo: Removed broadcast_15_piece0 on 127.0.0.1:55348 in memory (size: 4.3 KB, free: 912.3 MB)
20/10/05 16:06:05 INFO ContextCleaner: Cleaned accumulator 457
20/10/05 16:06:05 INFO ContextCleaner: Cleaned accumulator 489
20/10/05 16:06:05 INFO ContextCleaner: Cleaned accumulator 463
20/10/05 16:06:05 INFO ContextCleaner: Cleaned accumulator 572
20/10/05 16:06:05 INFO ContextCleaner: Cleaned accumulator 462
20/10/05 16:06:05 INFO ContextCleaner: Cleaned accumulator 526
20/10/05 16:06:05 INFO ContextCleaner: Cleaned accumulator 538
20/10/05 16:06:05 INFO ContextCleaner: Cleaned accumulator 435
20/10/05 16:06:05 INFO ContextCleaner: Cleaned accumulator 576
20/10/05 16:06:05 INFO ContextCleaner: Cleaned accumulator 555
20/10/05 16:06:05 INFO ContextCleaner: Cleaned accumulator 441
20/10/05 16:06:05 INFO ContextCleaner: Cleaned accumulator 554
20/10/05 16:06:05 INFO ContextCleaner: Cleaned accumulator 455
20/10/05 16:06:05 INFO ContextCleaner: Cleaned accumulator 438
20/10/05 16:06:05 INFO ContextCleaner: Cleaned accumulator 492
20/10/05 16:06:05 INFO ContextCleaner: Cleaned accumulator 509
20/10/05 16:06:05 INFO ContextCleaner: Cleaned accumulator 425
20/10/05 16:06:05 INFO ContextCleaner: Cleaned accumulator 450
20/10/05 16:06:05 INFO ContextCleaner: Cleaned accumulator 578
20/10/05 16:06:05 INFO ContextCleaner: Cleaned accumulator 495
20/10/05 16:06:05 INFO ContextCleaner: Cleaned accumulator 569
20/10/05 16:06:05 INFO ContextCleaner: Cleaned accumulator 504
20/10/05 16:06:05 INFO ContextCleaner: Cleaned accumulator 510
20/10/05 16:06:05 INFO ContextCleaner: Cleaned accumulator 471
20/10/05 16:06:05 INFO ContextCleaner: Cleaned accumulator 478
20/10/05 16:06:05 INFO ContextCleaner: Cleaned accumulator 481
20/10/05 16:06:05 INFO ContextCleaner: Cleaned accumulator 485
20/10/05 16:06:05 INFO ContextCleaner: Cleaned accumulator 566
20/10/05 16:06:05 INFO ContextCleaner: Cleaned accumulator 433
20/10/05 16:06:05 INFO ContextCleaner: Cleaned accumulator 574
20/10/05 16:06:05 INFO ContextCleaner: Cleaned accumulator 523
20/10/05 16:06:05 INFO ContextCleaner: Cleaned accumulator 475
20/10/05 16:06:05 INFO ContextCleaner: Cleaned accumulator 484
20/10/05 16:06:05 INFO ContextCleaner: Cleaned accumulator 479
20/10/05 16:06:05 INFO ContextCleaner: Cleaned accumulator 573
20/10/05 16:06:05 INFO ContextCleaner: Cleaned accumulator 502
20/10/05 16:06:05 INFO ContextCleaner: Cleaned accumulator 530
20/10/05 16:06:05 INFO ContextCleaner: Cleaned accumulator 561
20/10/05 16:06:05 INFO ContextCleaner: Cleaned accumulator 568
20/10/05 16:06:05 INFO ContextCleaner: Cleaned accumulator 521
20/10/05 16:06:05 INFO ContextCleaner: Cleaned accumulator 480
20/10/05 16:06:05 INFO ContextCleaner: Cleaned accumulator 447
20/10/05 16:06:05 INFO ContextCleaner: Cleaned accumulator 551
20/10/05 16:06:05 INFO ContextCleaner: Cleaned accumulator 542
20/10/05 16:06:05 INFO ContextCleaner: Cleaned accumulator 456
20/10/05 16:06:05 INFO ContextCleaner: Cleaned accumulator 547
20/10/05 16:06:05 INFO ContextCleaner: Cleaned accumulator 518
20/10/05 16:06:05 INFO ContextCleaner: Cleaned accumulator 493
20/10/05 16:06:05 INFO ContextCleaner: Cleaned accumulator 501
20/10/05 16:06:05 INFO ContextCleaner: Cleaned accumulator 446
20/10/05 16:06:05 INFO ContextCleaner: Cleaned accumulator 443
20/10/05 16:06:05 INFO ContextCleaner: Cleaned accumulator 496
20/10/05 16:06:05 INFO ContextCleaner: Cleaned accumulator 580
20/10/05 16:06:05 INFO ContextCleaner: Cleaned accumulator 548
20/10/05 16:06:05 INFO ContextCleaner: Cleaned accumulator 556
20/10/05 16:06:05 INFO ContextCleaner: Cleaned accumulator 559
20/10/05 16:06:05 INFO ContextCleaner: Cleaned accumulator 575
20/10/05 16:06:05 INFO ContextCleaner: Cleaned accumulator 444
20/10/05 16:06:05 INFO ContextCleaner: Cleaned accumulator 553
20/10/05 16:06:05 INFO ContextCleaner: Cleaned accumulator 34
20/10/05 16:06:05 INFO ContextCleaner: Cleaned accumulator 31
20/10/05 16:06:05 INFO ContextCleaner: Cleaned accumulator 41
20/10/05 16:06:05 INFO ContextCleaner: Cleaned accumulator 42
20/10/05 16:06:05 INFO ContextCleaner: Cleaned accumulator 43
20/10/05 16:06:05 INFO ContextCleaner: Cleaned accumulator 32
20/10/05 16:06:05 INFO ContextCleaner: Cleaned accumulator 29
20/10/05 16:06:05 INFO ContextCleaner: Cleaned accumulator 38
20/10/05 16:06:05 INFO ContextCleaner: Cleaned accumulator 37
20/10/05 16:06:05 INFO ContextCleaner: Cleaned accumulator 33
20/10/05 16:06:05 INFO ContextCleaner: Cleaned accumulator 30
20/10/05 16:06:05 INFO ContextCleaner: Cleaned accumulator 39
20/10/05 16:06:05 INFO ContextCleaner: Cleaned shuffle 0
20/10/05 16:06:05 INFO ContextCleaner: Cleaned accumulator 35
20/10/05 16:06:05 INFO ContextCleaner: Cleaned accumulator 36
20/10/05 16:06:05 INFO ContextCleaner: Cleaned accumulator 40
20/10/05 16:19:42 INFO SparkContext: Invoking stop() from shutdown hook
20/10/05 16:19:42 INFO SparkUI: Stopped Spark web UI at http://127.0.0.1:4040
20/10/05 16:19:42 INFO MapOutputTrackerMasterEndpoint: MapOutputTrackerMasterEndpoint stopped!
20/10/05 16:19:43 INFO MemoryStore: MemoryStore cleared
20/10/05 16:19:43 INFO BlockManager: BlockManager stopped
20/10/05 16:19:43 INFO BlockManagerMaster: BlockManagerMaster stopped
20/10/05 16:19:43 INFO OutputCommitCoordinator$OutputCommitCoordinatorEndpoint: OutputCommitCoordinator stopped!
20/10/05 16:19:43 WARN SparkEnv: Exception while deleting Spark temp dir: C:\Users\luigi\AppData\Local\spark\spark-2.3.3-bin-hadoop2.7\tmp\local\spark-6c7a521c-639e-47aa-b2b0-a1c3307b90df\userFiles-51cdc950-860e-4454-b744-7eb8b26b5a7e
java.io.IOException: Failed to delete: C:\Users\luigi\AppData\Local\spark\spark-2.3.3-bin-hadoop2.7\tmp\local\spark-6c7a521c-639e-47aa-b2b0-a1c3307b90df\userFiles-51cdc950-860e-4454-b744-7eb8b26b5a7e
	at org.apache.spark.util.Utils$.deleteRecursively(Utils.scala:1074)
	at org.apache.spark.SparkEnv.stop(SparkEnv.scala:103)
	at org.apache.spark.SparkContext$$anonfun$stop$11.apply$mcV$sp(SparkContext.scala:1947)
	at org.apache.spark.util.Utils$.tryLogNonFatalError(Utils.scala:1361)
	at org.apache.spark.SparkContext.stop(SparkContext.scala:1946)
	at org.apache.spark.SparkContext$$anonfun$2.apply$mcV$sp(SparkContext.scala:573)
	at org.apache.spark.util.SparkShutdownHook.run(ShutdownHookManager.scala:216)
	at org.apache.spark.util.SparkShutdownHookManager$$anonfun$runAll$1$$anonfun$apply$mcV$sp$1.apply$mcV$sp(ShutdownHookManager.scala:188)
	at org.apache.spark.util.SparkShutdownHookManager$$anonfun$runAll$1$$anonfun$apply$mcV$sp$1.apply(ShutdownHookManager.scala:188)
	at org.apache.spark.util.SparkShutdownHookManager$$anonfun$runAll$1$$anonfun$apply$mcV$sp$1.apply(ShutdownHookManager.scala:188)
	at org.apache.spark.util.Utils$.logUncaughtExceptions(Utils.scala:1992)
	at org.apache.spark.util.SparkShutdownHookManager$$anonfun$runAll$1.apply$mcV$sp(ShutdownHookManager.scala:188)
	at org.apache.spark.util.SparkShutdownHookManager$$anonfun$runAll$1.apply(ShutdownHookManager.scala:188)
	at org.apache.spark.util.SparkShutdownHookManager$$anonfun$runAll$1.apply(ShutdownHookManager.scala:188)
	at scala.util.Try$.apply(Try.scala:192)
	at org.apache.spark.util.SparkShutdownHookManager.runAll(ShutdownHookManager.scala:188)
	at org.apache.spark.util.SparkShutdownHookManager$$anon$2.run(ShutdownHookManager.scala:178)
	at org.apache.hadoop.util.ShutdownHookManager$1.run(ShutdownHookManager.java:54)
20/10/05 16:19:43 INFO SparkContext: Successfully stopped SparkContext
20/10/05 16:19:43 INFO ShutdownHookManager: Shutdown hook called
20/10/05 16:19:43 INFO ShutdownHookManager: Deleting directory C:\Users\luigi\AppData\Local\Temp\spark-20ab4a89-51a9-40e7-97c7-5c6c15196abc
20/10/05 16:19:43 INFO ShutdownHookManager: Deleting directory C:\Users\luigi\AppData\Local\spark\spark-2.3.3-bin-hadoop2.7\tmp\local\spark-6c7a521c-639e-47aa-b2b0-a1c3307b90df
20/10/05 16:19:43 ERROR ShutdownHookManager: Exception while deleting Spark temp dir: C:\Users\luigi\AppData\Local\spark\spark-2.3.3-bin-hadoop2.7\tmp\local\spark-6c7a521c-639e-47aa-b2b0-a1c3307b90df
java.io.IOException: Failed to delete: C:\Users\luigi\AppData\Local\spark\spark-2.3.3-bin-hadoop2.7\tmp\local\spark-6c7a521c-639e-47aa-b2b0-a1c3307b90df
	at org.apache.spark.util.Utils$.deleteRecursively(Utils.scala:1074)
	at org.apache.spark.util.ShutdownHookManager$$anonfun$1$$anonfun$apply$mcV$sp$3.apply(ShutdownHookManager.scala:65)
	at org.apache.spark.util.ShutdownHookManager$$anonfun$1$$anonfun$apply$mcV$sp$3.apply(ShutdownHookManager.scala:62)
	at scala.collection.IndexedSeqOptimized$class.foreach(IndexedSeqOptimized.scala:33)
	at scala.collection.mutable.ArrayOps$ofRef.foreach(ArrayOps.scala:186)
	at org.apache.spark.util.ShutdownHookManager$$anonfun$1.apply$mcV$sp(ShutdownHookManager.scala:62)
	at org.apache.spark.util.SparkShutdownHook.run(ShutdownHookManager.scala:216)
	at org.apache.spark.util.SparkShutdownHookManager$$anonfun$runAll$1$$anonfun$apply$mcV$sp$1.apply$mcV$sp(ShutdownHookManager.scala:188)
	at org.apache.spark.util.SparkShutdownHookManager$$anonfun$runAll$1$$anonfun$apply$mcV$sp$1.apply(ShutdownHookManager.scala:188)
	at org.apache.spark.util.SparkShutdownHookManager$$anonfun$runAll$1$$anonfun$apply$mcV$sp$1.apply(ShutdownHookManager.scala:188)
	at org.apache.spark.util.Utils$.logUncaughtExceptions(Utils.scala:1992)
	at org.apache.spark.util.SparkShutdownHookManager$$anonfun$runAll$1.apply$mcV$sp(ShutdownHookManager.scala:188)
	at org.apache.spark.util.SparkShutdownHookManager$$anonfun$runAll$1.apply(ShutdownHookManager.scala:188)
	at org.apache.spark.util.SparkShutdownHookManager$$anonfun$runAll$1.apply(ShutdownHookManager.scala:188)
	at scala.util.Try$.apply(Try.scala:192)
	at org.apache.spark.util.SparkShutdownHookManager.runAll(ShutdownHookManager.scala:188)
	at org.apache.spark.util.SparkShutdownHookManager$$anon$2.run(ShutdownHookManager.scala:178)
	at org.apache.hadoop.util.ShutdownHookManager$1.run(ShutdownHookManager.java:54)
20/10/05 16:19:43 INFO ShutdownHookManager: Deleting directory C:\Users\luigi\AppData\Local\spark\spark-2.3.3-bin-hadoop2.7\tmp\local\spark-6c7a521c-639e-47aa-b2b0-a1c3307b90df\userFiles-51cdc950-860e-4454-b744-7eb8b26b5a7e
20/10/05 16:19:43 ERROR ShutdownHookManager: Exception while deleting Spark temp dir: C:\Users\luigi\AppData\Local\spark\spark-2.3.3-bin-hadoop2.7\tmp\local\spark-6c7a521c-639e-47aa-b2b0-a1c3307b90df\userFiles-51cdc950-860e-4454-b744-7eb8b26b5a7e
java.io.IOException: Failed to delete: C:\Users\luigi\AppData\Local\spark\spark-2.3.3-bin-hadoop2.7\tmp\local\spark-6c7a521c-639e-47aa-b2b0-a1c3307b90df\userFiles-51cdc950-860e-4454-b744-7eb8b26b5a7e
	at org.apache.spark.util.Utils$.deleteRecursively(Utils.scala:1074)
	at org.apache.spark.util.ShutdownHookManager$$anonfun$1$$anonfun$apply$mcV$sp$3.apply(ShutdownHookManager.scala:65)
	at org.apache.spark.util.ShutdownHookManager$$anonfun$1$$anonfun$apply$mcV$sp$3.apply(ShutdownHookManager.scala:62)
	at scala.collection.IndexedSeqOptimized$class.foreach(IndexedSeqOptimized.scala:33)
	at scala.collection.mutable.ArrayOps$ofRef.foreach(ArrayOps.scala:186)
	at org.apache.spark.util.ShutdownHookManager$$anonfun$1.apply$mcV$sp(ShutdownHookManager.scala:62)
	at org.apache.spark.util.SparkShutdownHook.run(ShutdownHookManager.scala:216)
	at org.apache.spark.util.SparkShutdownHookManager$$anonfun$runAll$1$$anonfun$apply$mcV$sp$1.apply$mcV$sp(ShutdownHookManager.scala:188)
	at org.apache.spark.util.SparkShutdownHookManager$$anonfun$runAll$1$$anonfun$apply$mcV$sp$1.apply(ShutdownHookManager.scala:188)
	at org.apache.spark.util.SparkShutdownHookManager$$anonfun$runAll$1$$anonfun$apply$mcV$sp$1.apply(ShutdownHookManager.scala:188)
	at org.apache.spark.util.Utils$.logUncaughtExceptions(Utils.scala:1992)
	at org.apache.spark.util.SparkShutdownHookManager$$anonfun$runAll$1.apply$mcV$sp(ShutdownHookManager.scala:188)
	at org.apache.spark.util.SparkShutdownHookManager$$anonfun$runAll$1.apply(ShutdownHookManager.scala:188)
	at org.apache.spark.util.SparkShutdownHookManager$$anonfun$runAll$1.apply(ShutdownHookManager.scala:188)
	at scala.util.Try$.apply(Try.scala:192)
	at org.apache.spark.util.SparkShutdownHookManager.runAll(ShutdownHookManager.scala:188)
	at org.apache.spark.util.SparkShutdownHookManager$$anon$2.run(ShutdownHookManager.scala:178)
	at org.apache.hadoop.util.ShutdownHookManager$1.run(ShutdownHookManager.java:54)
